INFO:root:Search Configuration:
Opponent: MINIMAX
Rounds: 10
Fair Matches: True
Time Limit: 150
Processes: 1
Debug Mode: False
INFO:sample_players:[Errno 2] No such file or directory: 'data.pickle'
INFO:isolation:Initial game state: Isolation(board=41523161203939122082683632224299007, ply_count=0, locs=(None, None))
First agent: Agent(agent_class=<class 'sample_players.MinimaxPlayer'>, name='Minimax Agent')
Second agent: Agent(agent_class=<class 'my_custom_player.CustomPlayer'>, name='Custom Agent')

INFO:isolation:Status: Status.GAME_OVER
Final State: Isolation(board=38032846131271252946682966750291917, ply_count=69, locs=(5, 39))
History: [93, 30, <Action.ESE: -15>, <Action.ENE: 11>, <Action.WSW: -11>, <Action.NNW: 27>, <Action.NNE: 25>, <Action.SSW: -25>, <Action.SSE: -27>, <Action.ENE: 11>, <Action.SSW: -25>, <Action.NNW: 27>, <Action.WNW: 15>, <Action.SSW: -25>, <Action.WSW: -11>, <Action.SSW: -25>, <Action.SSW: -25>, <Action.WSW: -11>, <Action.NNW: 27>, <Action.NNE: 25>, <Action.NNE: 25>, <Action.NNE: 25>, <Action.WSW: -11>, <Action.NNE: 25>, <Action.WNW: 15>, <Action.WSW: -11>, <Action.NNE: 25>, <Action.NNE: 25>, <Action.ENE: 11>, <Action.ESE: -15>, <Action.ESE: -15>, <Action.SSW: -25>, <Action.WSW: -11>, <Action.WSW: -11>, <Action.WSW: -11>, <Action.WSW: -11>, <Action.ESE: -15>, <Action.ESE: -15>, <Action.SSW: -25>, <Action.NNE: 25>, <Action.NNW: 27>, <Action.NNE: 25>, <Action.ENE: 11>, <Action.NNE: 25>, <Action.ENE: 11>, <Action.SSE: -27>, <Action.WNW: 15>, <Action.SSE: -27>, <Action.SSW: -25>, <Action.SSW: -25>, <Action.SSW: -25>, <Action.WSW: -11>, <Action.ESE: -15>, <Action.NNE: 25>, <Action.ESE: -15>, <Action.ESE: -15>, <Action.ENE: 11>, <Action.NNE: 25>, <Action.SSW: -25>, <Action.NNW: 27>, <Action.ENE: 11>, <Action.NNW: 27>, <Action.ENE: 11>, <Action.ESE: -15>, <Action.SSW: -25>, <Action.SSW: -25>, <Action.WNW: 15>, <Action.SSE: -27>, <Action.WSW: -11>]
Winner: Agent(agent_class=<class 'my_custom_player.CustomPlayer'>, name='Custom Agent')
Loser: Agent(agent_class=<class 'sample_players.MinimaxPlayer'>, name='Minimax Agent')

INFO:sample_players:[Errno 2] No such file or directory: 'data.pickle'
INFO:isolation:Initial game state: Isolation(board=41523161203939122082683632224299007, ply_count=0, locs=(None, None))
First agent: Agent(agent_class=<class 'my_custom_player.CustomPlayer'>, name='Custom Agent')
Second agent: Agent(agent_class=<class 'sample_players.MinimaxPlayer'>, name='Minimax Agent')

INFO:isolation:Status: Status.GAME_OVER
Final State: Isolation(board=21076000970262576785171718103631371, ply_count=80, locs=(14, 8))
History: [57, 87, <Action.NNE: 25>, <Action.NNE: 25>, <Action.WSW: -11>, <Action.ESE: -15>, <Action.SSE: -27>, <Action.ENE: 11>, <Action.NNE: 25>, <Action.ESE: -15>, <Action.WSW: -11>, <Action.SSE: -27>, <Action.ESE: -15>, <Action.WSW: -11>, <Action.NNW: 27>, <Action.SSW: -25>, <Action.SSW: -25>, <Action.WSW: -11>, <Action.SSE: -27>, <Action.ESE: -15>, <Action.ENE: 11>, <Action.ENE: 11>, <Action.NNE: 25>, <Action.NNE: 25>, <Action.NNW: 27>, <Action.NNE: 25>, <Action.ENE: 11>, <Action.WNW: 15>, <Action.SSW: -25>, <Action.SSE: -27>, <Action.NNW: 27>, <Action.WNW: 15>, <Action.WNW: 15>, <Action.SSE: -27>, <Action.WSW: -11>, <Action.SSW: -25>, <Action.WNW: 15>, <Action.WSW: -11>, <Action.SSE: -27>, <Action.WNW: 15>, <Action.SSE: -27>, <Action.ENE: 11>, <Action.NNE: 25>, <Action.SSW: -25>, <Action.WSW: -11>, <Action.NNW: 27>, <Action.WNW: 15>, <Action.WSW: -11>, <Action.ENE: 11>, <Action.NNW: 27>, <Action.ENE: 11>, <Action.NNE: 25>, <Action.SSE: -27>, <Action.SSE: -27>, <Action.WSW: -11>, <Action.WSW: -11>, <Action.WSW: -11>, <Action.ESE: -15>, <Action.SSE: -27>, <Action.NNE: 25>, <Action.SSE: -27>, <Action.WSW: -11>, <Action.NNE: 25>, <Action.NNE: 25>, <Action.ESE: -15>, <Action.NNE: 25>, <Action.NNE: 25>, <Action.ENE: 11>, <Action.ESE: -15>, <Action.WNW: 15>, <Action.SSW: -25>, <Action.WSW: -11>, <Action.ENE: 11>, <Action.SSW: -25>, <Action.WNW: 15>, <Action.SSE: -27>, <Action.ENE: 11>, <Action.SSW: -25>, <Action.SSW: -25>, <Action.ESE: -15>]
Winner: Agent(agent_class=<class 'my_custom_player.CustomPlayer'>, name='Custom Agent')
Loser: Agent(agent_class=<class 'sample_players.MinimaxPlayer'>, name='Minimax Agent')

INFO:sample_players:[Errno 2] No such file or directory: 'data.pickle'
INFO:isolation:Initial game state: Isolation(board=41523161203939122082683632224299007, ply_count=0, locs=(None, None))
First agent: Agent(agent_class=<class 'sample_players.MinimaxPlayer'>, name='Minimax Agent')
Second agent: Agent(agent_class=<class 'my_custom_player.CustomPlayer'>, name='Custom Agent')

INFO:isolation:Status: Status.GAME_OVER
Final State: Isolation(board=38966985626709921587616849845053312, ply_count=68, locs=(53, 26))
History: [54, 57, <Action.ENE: 11>, <Action.ESE: -15>, <Action.SSW: -25>, <Action.NNE: 25>, <Action.WSW: -11>, <Action.NNE: 25>, <Action.NNW: 27>, <Action.WSW: -11>, <Action.WSW: -11>, <Action.WSW: -11>, <Action.SSE: -27>, <Action.SSE: -27>, <Action.ESE: -15>, <Action.NNE: 25>, <Action.NNE: 25>, <Action.NNE: 25>, <Action.NNW: 27>, <Action.WNW: 15>, <Action.WSW: -11>, <Action.WSW: -11>, <Action.WNW: 15>, <Action.SSW: -25>, <Action.NNE: 25>, <Action.ENE: 11>, <Action.WSW: -11>, <Action.NNW: 27>, <Action.ESE: -15>, <Action.SSW: -25>, <Action.ENE: 11>, <Action.ENE: 11>, <Action.NNE: 25>, <Action.ENE: 11>, <Action.WNW: 15>, <Action.SSW: -25>, <Action.WSW: -11>, <Action.WSW: -11>, <Action.WSW: -11>, <Action.WSW: -11>, <Action.SSW: -25>, <Action.SSW: -25>, <Action.ESE: -15>, <Action.ENE: 11>, <Action.ESE: -15>, <Action.SSE: -27>, <Action.SSE: -27>, <Action.ESE: -15>, <Action.NNE: 25>, <Action.ENE: 11>, <Action.ENE: 11>, <Action.ESE: -15>, <Action.ENE: 11>, <Action.NNW: 27>, <Action.NNW: 27>, <Action.SSW: -25>, <Action.NNW: 27>, <Action.WNW: 15>, <Action.ESE: -15>, <Action.WSW: -11>, <Action.WSW: -11>, <Action.NNE: 25>, <Action.NNE: 25>, <Action.ESE: -15>, <Action.SSE: -27>, <Action.ESE: -15>, <Action.SSW: -25>, <Action.NNE: 25>]
Winner: Agent(agent_class=<class 'my_custom_player.CustomPlayer'>, name='Custom Agent')
Loser: Agent(agent_class=<class 'sample_players.MinimaxPlayer'>, name='Minimax Agent')

INFO:sample_players:[Errno 2] No such file or directory: 'data.pickle'
INFO:isolation:Initial game state: Isolation(board=41523161203939122082683632224299007, ply_count=0, locs=(None, None))
First agent: Agent(agent_class=<class 'my_custom_player.CustomPlayer'>, name='Custom Agent')
Second agent: Agent(agent_class=<class 'sample_players.MinimaxPlayer'>, name='Minimax Agent')

INFO:isolation:Status: Status.GAME_OVER
Final State: Isolation(board=41359663832592603236566146805482927, ply_count=62, locs=(17, 9))
History: [57, 79, <Action.ESE: -15>, <Action.SSE: -27>, <Action.NNE: 25>, <Action.WSW: -11>, <Action.WSW: -11>, <Action.NNE: 25>, <Action.NNE: 25>, <Action.WSW: -11>, <Action.WSW: -11>, <Action.WSW: -11>, <Action.SSE: -27>, <Action.WSW: -11>, <Action.WSW: -11>, <Action.NNE: 25>, <Action.WNW: 15>, <Action.NNE: 25>, <Action.SSE: -27>, <Action.WNW: 15>, <Action.NNE: 25>, <Action.SSE: -27>, <Action.NNW: 27>, <Action.NNE: 25>, <Action.NNW: 27>, <Action.SSE: -27>, <Action.ESE: -15>, <Action.ESE: -15>, <Action.WSW: -11>, <Action.ENE: 11>, <Action.SSE: -27>, <Action.SSW: -25>, <Action.ESE: -15>, <Action.SSE: -27>, <Action.SSE: -27>, <Action.WNW: 15>, <Action.ENE: 11>, <Action.NNE: 25>, <Action.WNW: 15>, <Action.NNE: 25>, <Action.WSW: -11>, <Action.WNW: 15>, <Action.WNW: 15>, <Action.SSW: -25>, <Action.WNW: 15>, <Action.NNW: 27>, <Action.ENE: 11>, <Action.ESE: -15>, <Action.NNE: 25>, <Action.NNW: 27>, <Action.WSW: -11>, <Action.SSW: -25>, <Action.ESE: -15>, <Action.WNW: 15>, <Action.WSW: -11>, <Action.WSW: -11>, <Action.SSE: -27>, <Action.SSW: -25>, <Action.ESE: -15>, <Action.SSW: -25>, <Action.ENE: 11>, <Action.SSE: -27>]
Winner: Agent(agent_class=<class 'my_custom_player.CustomPlayer'>, name='Custom Agent')
Loser: Agent(agent_class=<class 'sample_players.MinimaxPlayer'>, name='Minimax Agent')

INFO:sample_players:[Errno 2] No such file or directory: 'data.pickle'
INFO:isolation:Initial game state: Isolation(board=41523161203939122082683632224299007, ply_count=0, locs=(None, None))
First agent: Agent(agent_class=<class 'sample_players.MinimaxPlayer'>, name='Minimax Agent')
Second agent: Agent(agent_class=<class 'my_custom_player.CustomPlayer'>, name='Custom Agent')

INFO:isolation:Status: Status.GAME_OVER
Final State: Isolation(board=41441107908683878158439078732866737, ply_count=69, locs=(23, 73))
History: [71, 30, <Action.NNE: 25>, <Action.NNE: 25>, <Action.ESE: -15>, <Action.NNW: 27>, <Action.SSW: -25>, <Action.ENE: 11>, <Action.NNW: 27>, <Action.SSW: -25>, <Action.SSW: -25>, <Action.SSW: -25>, <Action.ENE: 11>, <Action.WSW: -11>, <Action.SSW: -25>, <Action.NNW: 27>, <Action.SSW: -25>, <Action.ENE: 11>, <Action.NNW: 27>, <Action.NNW: 27>, <Action.ENE: 11>, <Action.WSW: -11>, <Action.WNW: 15>, <Action.SSW: -25>, <Action.SSE: -27>, <Action.SSE: -27>, <Action.WNW: 15>, <Action.SSW: -25>, <Action.NNE: 25>, <Action.NNW: 27>, <Action.WSW: -11>, <Action.ENE: 11>, <Action.NNE: 25>, <Action.WNW: 15>, <Action.ESE: -15>, <Action.SSE: -27>, <Action.ENE: 11>, <Action.ESE: -15>, <Action.ENE: 11>, <Action.ENE: 11>, <Action.ESE: -15>, <Action.ENE: 11>, <Action.SSW: -25>, <Action.NNE: 25>, <Action.SSE: -27>, <Action.SSE: -27>, <Action.WNW: 15>, <Action.WSW: -11>, <Action.ENE: 11>, <Action.ESE: -15>, <Action.WNW: 15>, <Action.NNW: 27>, <Action.SSE: -27>, <Action.ENE: 11>, <Action.SSE: -27>, <Action.SSW: -25>, <Action.SSW: -25>, <Action.SSW: -25>, <Action.NNW: 27>, <Action.WNW: 15>, <Action.SSW: -25>, <Action.WSW: -11>, <Action.WNW: 15>, <Action.WNW: 15>, <Action.WNW: 15>, <Action.NNW: 27>, <Action.SSW: -25>, <Action.NNE: 25>, <Action.WNW: 15>]
Winner: Agent(agent_class=<class 'my_custom_player.CustomPlayer'>, name='Custom Agent')
Loser: Agent(agent_class=<class 'sample_players.MinimaxPlayer'>, name='Minimax Agent')

INFO:sample_players:[Errno 2] No such file or directory: 'data.pickle'
INFO:isolation:Initial game state: Isolation(board=41523161203939122082683632224299007, ply_count=0, locs=(None, None))
First agent: Agent(agent_class=<class 'my_custom_player.CustomPlayer'>, name='Custom Agent')
Second agent: Agent(agent_class=<class 'sample_players.MinimaxPlayer'>, name='Minimax Agent')

INFO:isolation:Status: Status.GAME_OVER
Final State: Isolation(board=35437809217482836309251601065845216, ply_count=66, locs=(17, 1))
History: [57, 9, <Action.ENE: 11>, <Action.NNE: 25>, <Action.NNE: 25>, <Action.NNE: 25>, <Action.ESE: -15>, <Action.NNE: 25>, <Action.WSW: -11>, <Action.ENE: 11>, <Action.SSW: -25>, <Action.ENE: 11>, <Action.WSW: -11>, <Action.SSE: -27>, <Action.NNE: 25>, <Action.SSW: -25>, <Action.NNW: 27>, <Action.ESE: -15>, <Action.SSW: -25>, <Action.WSW: -11>, <Action.NNW: 27>, <Action.NNE: 25>, <Action.ESE: -15>, <Action.SSE: -27>, <Action.ESE: -15>, <Action.WNW: 15>, <Action.NNE: 25>, <Action.SSE: -27>, <Action.NNW: 27>, <Action.WSW: -11>, <Action.ESE: -15>, <Action.WNW: 15>, <Action.WSW: -11>, <Action.WNW: 15>, <Action.WNW: 15>, <Action.WSW: -11>, <Action.SSW: -25>, <Action.NNE: 25>, <Action.ENE: 11>, <Action.NNE: 25>, <Action.WNW: 15>, <Action.WSW: -11>, <Action.WNW: 15>, <Action.ESE: -15>, <Action.SSW: -25>, <Action.SSW: -25>, <Action.ENE: 11>, <Action.WSW: -11>, <Action.ENE: 11>, <Action.NNE: 25>, <Action.ESE: -15>, <Action.NNE: 25>, <Action.SSW: -25>, <Action.ESE: -15>, <Action.SSW: -25>, <Action.ESE: -15>, <Action.SSW: -25>, <Action.ESE: -15>, <Action.ESE: -15>, <Action.ESE: -15>, <Action.NNE: 25>, <Action.NNW: 27>, <Action.SSE: -27>, <Action.WSW: -11>, <Action.WNW: 15>, <Action.ESE: -15>]
Winner: Agent(agent_class=<class 'my_custom_player.CustomPlayer'>, name='Custom Agent')
Loser: Agent(agent_class=<class 'sample_players.MinimaxPlayer'>, name='Minimax Agent')

INFO:sample_players:[Errno 2] No such file or directory: 'data.pickle'
INFO:isolation:Initial game state: Isolation(board=41523161203939122082683632224299007, ply_count=0, locs=(None, None))
First agent: Agent(agent_class=<class 'sample_players.MinimaxPlayer'>, name='Minimax Agent')
Second agent: Agent(agent_class=<class 'my_custom_player.CustomPlayer'>, name='Custom Agent')

INFO:isolation:Status: Status.GAME_OVER
Final State: Isolation(board=37790925374596745486450334963533075, ply_count=57, locs=(65, 93))
History: [111, 84, <Action.ESE: -15>, <Action.NNE: 25>, <Action.ENE: 11>, <Action.ESE: -15>, <Action.SSE: -27>, <Action.ESE: -15>, <Action.SSE: -27>, <Action.WSW: -11>, <Action.WSW: -11>, <Action.WNW: 15>, <Action.SSE: -27>, <Action.WSW: -11>, <Action.NNE: 25>, <Action.SSE: -27>, <Action.WSW: -11>, <Action.NNE: 25>, <Action.WSW: -11>, <Action.SSE: -27>, <Action.WSW: -11>, <Action.ENE: 11>, <Action.NNE: 25>, <Action.WNW: 15>, <Action.NNE: 25>, <Action.WSW: -11>, <Action.NNE: 25>, <Action.SSW: -25>, <Action.WSW: -11>, <Action.SSE: -27>, <Action.ESE: -15>, <Action.NNE: 25>, <Action.NNE: 25>, <Action.WNW: 15>, <Action.ESE: -15>, <Action.SSE: -27>, <Action.SSE: -27>, <Action.ENE: 11>, <Action.SSW: -25>, <Action.SSW: -25>, <Action.WSW: -11>, <Action.WNW: 15>, <Action.NNE: 25>, <Action.WSW: -11>, <Action.ESE: -15>, <Action.NNW: 27>, <Action.WSW: -11>, <Action.NNE: 25>, <Action.NNE: 25>, <Action.NNE: 25>, <Action.NNE: 25>, <Action.ENE: 11>, <Action.WNW: 15>, <Action.ENE: 11>, <Action.NNE: 25>, <Action.ESE: -15>, <Action.SSE: -27>]
Winner: Agent(agent_class=<class 'my_custom_player.CustomPlayer'>, name='Custom Agent')
Loser: Agent(agent_class=<class 'sample_players.MinimaxPlayer'>, name='Minimax Agent')

INFO:sample_players:[Errno 2] No such file or directory: 'data.pickle'
INFO:isolation:Initial game state: Isolation(board=41523161203939122082683632224299007, ply_count=0, locs=(None, None))
First agent: Agent(agent_class=<class 'my_custom_player.CustomPlayer'>, name='Custom Agent')
Second agent: Agent(agent_class=<class 'sample_players.MinimaxPlayer'>, name='Minimax Agent')

INFO:isolation:Status: Status.GAME_OVER
Final State: Isolation(board=39027161969371875431055571512493537, ply_count=74, locs=(23, 104))
History: [57, 96, <Action.SSW: -25>, <Action.ENE: 11>, <Action.ESE: -15>, <Action.ESE: -15>, <Action.NNW: 27>, <Action.SSE: -27>, <Action.NNE: 25>, <Action.SSW: -25>, <Action.ESE: -15>, <Action.WSW: -11>, <Action.WSW: -11>, <Action.ESE: -15>, <Action.SSW: -25>, <Action.WSW: -11>, <Action.NNW: 27>, <Action.NNW: 27>, <Action.NNE: 25>, <Action.WSW: -11>, <Action.NNE: 25>, <Action.ESE: -15>, <Action.SSE: -27>, <Action.NNW: 27>, <Action.NNE: 25>, <Action.WNW: 15>, <Action.WNW: 15>, <Action.NNE: 25>, <Action.WSW: -11>, <Action.NNW: 27>, <Action.ESE: -15>, <Action.SSW: -25>, <Action.ESE: -15>, <Action.ESE: -15>, <Action.ENE: 11>, <Action.SSW: -25>, <Action.SSW: -25>, <Action.WSW: -11>, <Action.SSE: -27>, <Action.NNE: 25>, <Action.SSW: -25>, <Action.NNE: 25>, <Action.WNW: 15>, <Action.WSW: -11>, <Action.NNE: 25>, <Action.NNE: 25>, <Action.NNE: 25>, <Action.SSE: -27>, <Action.WNW: 15>, <Action.NNE: 25>, <Action.SSW: -25>, <Action.NNE: 25>, <Action.NNW: 27>, <Action.ESE: -15>, <Action.NNW: 27>, <Action.ENE: 11>, <Action.WSW: -11>, <Action.SSW: -25>, <Action.SSW: -25>, <Action.SSW: -25>, <Action.ENE: 11>, <Action.SSE: -27>, <Action.SSW: -25>, <Action.ESE: -15>, <Action.SSW: -25>, <Action.WSW: -11>, <Action.ESE: -15>, <Action.NNE: 25>, <Action.WSW: -11>, <Action.NNE: 25>, <Action.NNE: 25>, <Action.NNW: 27>, <Action.WSW: -11>, <Action.NNE: 25>]
Winner: Agent(agent_class=<class 'my_custom_player.CustomPlayer'>, name='Custom Agent')
Loser: Agent(agent_class=<class 'sample_players.MinimaxPlayer'>, name='Minimax Agent')

INFO:sample_players:[Errno 2] No such file or directory: 'data.pickle'
INFO:isolation:Initial game state: Isolation(board=41523161203939122082683632224299007, ply_count=0, locs=(None, None))
First agent: Agent(agent_class=<class 'sample_players.MinimaxPlayer'>, name='Minimax Agent')
Second agent: Agent(agent_class=<class 'my_custom_player.CustomPlayer'>, name='Custom Agent')

INFO:isolation:Status: Status.GAME_OVER
Final State: Isolation(board=10974068888672698634739523552536319, ply_count=54, locs=(101, 86))
History: [73, 58, <Action.NNE: 25>, <Action.NNE: 25>, <Action.ENE: 11>, <Action.ESE: -15>, <Action.ESE: -15>, <Action.SSE: -27>, <Action.ENE: 11>, <Action.NNE: 25>, <Action.SSE: -27>, <Action.WSW: -11>, <Action.SSW: -25>, <Action.SSW: -25>, <Action.WSW: -11>, <Action.WNW: 15>, <Action.ESE: -15>, <Action.ENE: 11>, <Action.NNW: 27>, <Action.NNE: 25>, <Action.WSW: -11>, <Action.WSW: -11>, <Action.WSW: -11>, <Action.NNW: 27>, <Action.NNW: 27>, <Action.ESE: -15>, <Action.ESE: -15>, <Action.WSW: -11>, <Action.SSW: -25>, <Action.SSW: -25>, <Action.WSW: -11>, <Action.ESE: -15>, <Action.NNW: 27>, <Action.WSW: -11>, <Action.NNE: 25>, <Action.NNW: 27>, <Action.WSW: -11>, <Action.NNW: 27>, <Action.ESE: -15>, <Action.ENE: 11>, <Action.NNW: 27>, <Action.NNE: 25>, <Action.ENE: 11>, <Action.ESE: -15>, <Action.NNW: 27>, <Action.WSW: -11>, <Action.WNW: 15>, <Action.ESE: -15>, <Action.SSE: -27>, <Action.NNW: 27>, <Action.NNE: 25>, <Action.WNW: 15>, <Action.WSW: -11>, <Action.SSW: -25>]
Winner: Agent(agent_class=<class 'my_custom_player.CustomPlayer'>, name='Custom Agent')
Loser: Agent(agent_class=<class 'sample_players.MinimaxPlayer'>, name='Minimax Agent')

INFO:sample_players:[Errno 2] No such file or directory: 'data.pickle'
INFO:isolation:Initial game state: Isolation(board=41523161203939122082683632224299007, ply_count=0, locs=(None, None))
First agent: Agent(agent_class=<class 'my_custom_player.CustomPlayer'>, name='Custom Agent')
Second agent: Agent(agent_class=<class 'sample_players.MinimaxPlayer'>, name='Minimax Agent')

INFO:isolation:Status: Status.GAME_OVER
Final State: Isolation(board=37931302793928016946091021295870911, ply_count=59, locs=(10, 48))
History: [57, 80, <Action.NNE: 25>, <Action.ESE: -15>, <Action.SSE: -27>, <Action.SSW: -25>, <Action.ENE: 11>, <Action.WSW: -11>, <Action.WNW: 15>, <Action.NNE: 25>, <Action.NNW: 27>, <Action.WSW: -11>, <Action.WSW: -11>, <Action.SSE: -27>, <Action.SSW: -25>, <Action.ENE: 11>, <Action.SSW: -25>, <Action.WNW: 15>, <Action.SSE: -27>, <Action.WSW: -11>, <Action.NNE: 25>, <Action.SSW: -25>, <Action.ESE: -15>, <Action.NNW: 27>, <Action.ENE: 11>, <Action.NNE: 25>, <Action.ENE: 11>, <Action.ENE: 11>, <Action.NNW: 27>, <Action.SSW: -25>, <Action.NNE: 25>, <Action.SSW: -25>, <Action.WSW: -11>, <Action.WNW: 15>, <Action.ESE: -15>, <Action.NNE: 25>, <Action.SSW: -25>, <Action.NNE: 25>, <Action.WNW: 15>, <Action.NNE: 25>, <Action.NNW: 27>, <Action.WSW: -11>, <Action.SSW: -25>, <Action.SSE: -27>, <Action.WNW: 15>, <Action.WSW: -11>, <Action.ENE: 11>, <Action.WNW: 15>, <Action.WNW: 15>, <Action.ENE: 11>, <Action.WSW: -11>, <Action.SSW: -25>, <Action.SSE: -27>, <Action.ESE: -15>, <Action.WSW: -11>, <Action.SSW: -25>, <Action.SSE: -27>, <Action.NNW: 27>, <Action.SSW: -25>]
Winner: Agent(agent_class=<class 'sample_players.MinimaxPlayer'>, name='Minimax Agent')
Loser: Agent(agent_class=<class 'my_custom_player.CustomPlayer'>, name='Custom Agent')

INFO:sample_players:[Errno 2] No such file or directory: 'data.pickle'
INFO:isolation:Initial game state: Isolation(board=41523161203939122082683632224299007, ply_count=0, locs=(None, None))
First agent: Agent(agent_class=<class 'sample_players.MinimaxPlayer'>, name='Minimax Agent')
Second agent: Agent(agent_class=<class 'my_custom_player.CustomPlayer'>, name='Custom Agent')

INFO:isolation:Status: Status.GAME_OVER
Final State: Isolation(board=31196960499817056814008736828908033, ply_count=81, locs=(104, 78))
History: [2, 29, <Action.NNE: 25>, <Action.NNE: 25>, <Action.NNE: 25>, <Action.NNW: 27>, <Action.WSW: -11>, <Action.SSW: -25>, <Action.NNE: 25>, <Action.WSW: -11>, <Action.NNE: 25>, <Action.NNE: 25>, <Action.WSW: -11>, <Action.SSE: -27>, <Action.SSW: -25>, <Action.NNE: 25>, <Action.WSW: -11>, <Action.NNE: 25>, <Action.NNW: 27>, <Action.WNW: 15>, <Action.NNW: 27>, <Action.SSW: -25>, <Action.ENE: 11>, <Action.WSW: -11>, <Action.SSW: -25>, <Action.NNE: 25>, <Action.SSW: -25>, <Action.WNW: 15>, <Action.WNW: 15>, <Action.SSW: -25>, <Action.ENE: 11>, <Action.SSW: -25>, <Action.SSE: -27>, <Action.ESE: -15>, <Action.ENE: 11>, <Action.ESE: -15>, <Action.NNE: 25>, <Action.ESE: -15>, <Action.SSE: -27>, <Action.NNE: 25>, <Action.NNE: 25>, <Action.SSE: -27>, <Action.WNW: 15>, <Action.WSW: -11>, <Action.SSW: -25>, <Action.WNW: 15>, <Action.SSW: -25>, <Action.NNW: 27>, <Action.SSE: -27>, <Action.ESE: -15>, <Action.SSE: -27>, <Action.SSW: -25>, <Action.WNW: 15>, <Action.NNW: 27>, <Action.WSW: -11>, <Action.SSW: -25>, <Action.NNW: 27>, <Action.WNW: 15>, <Action.NNW: 27>, <Action.NNE: 25>, <Action.NNE: 25>, <Action.SSE: -27>, <Action.NNE: 25>, <Action.WSW: -11>, <Action.WSW: -11>, <Action.NNE: 25>, <Action.SSE: -27>, <Action.ESE: -15>, <Action.WNW: 15>, <Action.ESE: -15>, <Action.ENE: 11>, <Action.ENE: 11>, <Action.ENE: 11>, <Action.ESE: -15>, <Action.ESE: -15>, <Action.NNE: 25>, <Action.ENE: 11>, <Action.NNW: 27>, <Action.SSE: -27>, <Action.NNE: 25>, <Action.NNE: 25>]
Winner: Agent(agent_class=<class 'my_custom_player.CustomPlayer'>, name='Custom Agent')
Loser: Agent(agent_class=<class 'sample_players.MinimaxPlayer'>, name='Minimax Agent')

INFO:sample_players:[Errno 2] No such file or directory: 'data.pickle'
INFO:isolation:Initial game state: Isolation(board=41523161203939122082683632224299007, ply_count=0, locs=(None, None))
First agent: Agent(agent_class=<class 'my_custom_player.CustomPlayer'>, name='Custom Agent')
Second agent: Agent(agent_class=<class 'sample_players.MinimaxPlayer'>, name='Minimax Agent')

INFO:isolation:Status: Status.GAME_OVER
Final State: Isolation(board=37279116204267322115717505466188891, ply_count=66, locs=(13, 23))
History: [57, 19, <Action.NNE: 25>, <Action.NNE: 25>, <Action.SSE: -27>, <Action.NNE: 25>, <Action.WNW: 15>, <Action.NNE: 25>, <Action.ENE: 11>, <Action.WSW: -11>, <Action.WNW: 15>, <Action.SSW: -25>, <Action.SSW: -25>, <Action.ESE: -15>, <Action.SSW: -25>, <Action.NNE: 25>, <Action.ESE: -15>, <Action.ESE: -15>, <Action.ENE: 11>, <Action.SSE: -27>, <Action.NNE: 25>, <Action.WSW: -11>, <Action.WSW: -11>, <Action.WNW: 15>, <Action.WSW: -11>, <Action.SSW: -25>, <Action.SSW: -25>, <Action.NNW: 27>, <Action.WSW: -11>, <Action.NNW: 27>, <Action.NNE: 25>, <Action.NNE: 25>, <Action.SSE: -27>, <Action.NNW: 27>, <Action.ENE: 11>, <Action.WSW: -11>, <Action.WNW: 15>, <Action.ESE: -15>, <Action.NNW: 27>, <Action.NNE: 25>, <Action.WSW: -11>, <Action.WSW: -11>, <Action.NNE: 25>, <Action.SSE: -27>, <Action.NNW: 27>, <Action.SSW: -25>, <Action.ESE: -15>, <Action.WSW: -11>, <Action.ENE: 11>, <Action.ESE: -15>, <Action.ENE: 11>, <Action.NNW: 27>, <Action.ESE: -15>, <Action.NNE: 25>, <Action.ENE: 11>, <Action.NNE: 25>, <Action.SSW: -25>, <Action.WSW: -11>, <Action.SSE: -27>, <Action.SSW: -25>, <Action.SSW: -25>, <Action.SSE: -27>, <Action.SSW: -25>, <Action.SSE: -27>, <Action.ENE: 11>, <Action.WNW: 15>]
Winner: Agent(agent_class=<class 'my_custom_player.CustomPlayer'>, name='Custom Agent')
Loser: Agent(agent_class=<class 'sample_players.MinimaxPlayer'>, name='Minimax Agent')

INFO:sample_players:[Errno 2] No such file or directory: 'data.pickle'
INFO:isolation:Initial game state: Isolation(board=41523161203939122082683632224299007, ply_count=0, locs=(None, None))
First agent: Agent(agent_class=<class 'sample_players.MinimaxPlayer'>, name='Minimax Agent')
Second agent: Agent(agent_class=<class 'my_custom_player.CustomPlayer'>, name='Custom Agent')

INFO:isolation:Status: Status.GAME_OVER
Final State: Isolation(board=35843536698438456957396749694043665, ply_count=71, locs=(5, 112))
History: [20, 30, <Action.NNE: 25>, <Action.NNW: 27>, <Action.NNE: 25>, <Action.NNE: 25>, <Action.NNE: 25>, <Action.NNE: 25>, <Action.ESE: -15>, <Action.ESE: -15>, <Action.ESE: -15>, <Action.SSW: -25>, <Action.SSW: -25>, <Action.SSW: -25>, <Action.SSE: -27>, <Action.NNW: 27>, <Action.WSW: -11>, <Action.NNE: 25>, <Action.WNW: 15>, <Action.WSW: -11>, <Action.WSW: -11>, <Action.WNW: 15>, <Action.NNE: 25>, <Action.SSW: -25>, <Action.NNE: 25>, <Action.SSW: -25>, <Action.WNW: 15>, <Action.ESE: -15>, <Action.WSW: -11>, <Action.WSW: -11>, <Action.WSW: -11>, <Action.ESE: -15>, <Action.NNE: 25>, <Action.NNE: 25>, <Action.ESE: -15>, <Action.WSW: -11>, <Action.SSW: -25>, <Action.WNW: 15>, <Action.NNW: 27>, <Action.ENE: 11>, <Action.ENE: 11>, <Action.ENE: 11>, <Action.NNE: 25>, <Action.ESE: -15>, <Action.ENE: 11>, <Action.ESE: -15>, <Action.ESE: -15>, <Action.ENE: 11>, <Action.SSE: -27>, <Action.SSW: -25>, <Action.SSW: -25>, <Action.WSW: -11>, <Action.ENE: 11>, <Action.WNW: 15>, <Action.SSW: -25>, <Action.ENE: 11>, <Action.NNW: 27>, <Action.WNW: 15>, <Action.NNE: 25>, <Action.SSW: -25>, <Action.WSW: -11>, <Action.WSW: -11>, <Action.ESE: -15>, <Action.NNW: 27>, <Action.SSE: -27>, <Action.NNW: 27>, <Action.SSW: -25>, <Action.NNE: 25>, <Action.WNW: 15>, <Action.NNE: 25>, <Action.WSW: -11>]
Winner: Agent(agent_class=<class 'my_custom_player.CustomPlayer'>, name='Custom Agent')
Loser: Agent(agent_class=<class 'sample_players.MinimaxPlayer'>, name='Minimax Agent')

INFO:sample_players:[Errno 2] No such file or directory: 'data.pickle'
INFO:isolation:Initial game state: Isolation(board=41523161203939122082683632224299007, ply_count=0, locs=(None, None))
First agent: Agent(agent_class=<class 'my_custom_player.CustomPlayer'>, name='Custom Agent')
Second agent: Agent(agent_class=<class 'sample_players.MinimaxPlayer'>, name='Minimax Agent')

INFO:isolation:Status: Status.GAME_OVER
Final State: Isolation(board=14259828842692845913876227166717885, ply_count=68, locs=(22, 114))
History: [57, 79, <Action.ESE: -15>, <Action.SSE: -27>, <Action.NNE: 25>, <Action.WSW: -11>, <Action.WSW: -11>, <Action.NNE: 25>, <Action.NNE: 25>, <Action.WSW: -11>, <Action.WSW: -11>, <Action.WSW: -11>, <Action.SSE: -27>, <Action.WSW: -11>, <Action.WSW: -11>, <Action.NNE: 25>, <Action.WNW: 15>, <Action.NNE: 25>, <Action.SSE: -27>, <Action.WNW: 15>, <Action.NNE: 25>, <Action.SSE: -27>, <Action.NNW: 27>, <Action.NNE: 25>, <Action.NNW: 27>, <Action.SSE: -27>, <Action.ESE: -15>, <Action.ESE: -15>, <Action.SSW: -25>, <Action.ENE: 11>, <Action.SSW: -25>, <Action.SSW: -25>, <Action.ESE: -15>, <Action.SSE: -27>, <Action.ENE: 11>, <Action.WNW: 15>, <Action.ESE: -15>, <Action.NNE: 25>, <Action.ENE: 11>, <Action.NNE: 25>, <Action.SSW: -25>, <Action.WNW: 15>, <Action.WNW: 15>, <Action.SSW: -25>, <Action.WNW: 15>, <Action.NNW: 27>, <Action.SSW: -25>, <Action.WNW: 15>, <Action.WNW: 15>, <Action.SSW: -25>, <Action.NNW: 27>, <Action.SSW: -25>, <Action.NNW: 27>, <Action.SSW: -25>, <Action.ENE: 11>, <Action.ENE: 11>, <Action.ENE: 11>, <Action.WNW: 15>, <Action.WNW: 15>, <Action.NNW: 27>, <Action.WSW: -11>, <Action.ESE: -15>, <Action.SSE: -27>, <Action.WSW: -11>, <Action.SSW: -25>, <Action.NNE: 25>, <Action.SSE: -27>, <Action.NNW: 27>]
Winner: Agent(agent_class=<class 'my_custom_player.CustomPlayer'>, name='Custom Agent')
Loser: Agent(agent_class=<class 'sample_players.MinimaxPlayer'>, name='Minimax Agent')

INFO:sample_players:[Errno 2] No such file or directory: 'data.pickle'
INFO:isolation:Initial game state: Isolation(board=41523161203939122082683632224299007, ply_count=0, locs=(None, None))
First agent: Agent(agent_class=<class 'sample_players.MinimaxPlayer'>, name='Minimax Agent')
Second agent: Agent(agent_class=<class 'my_custom_player.CustomPlayer'>, name='Custom Agent')

INFO:isolation:Status: Status.GAME_OVER
Final State: Isolation(board=26227737975858543962712251169809681, ply_count=73, locs=(111, 105))
History: [67, 56, <Action.SSE: -27>, <Action.NNE: 25>, <Action.NNE: 25>, <Action.SSE: -27>, <Action.WNW: 15>, <Action.WSW: -11>, <Action.SSW: -25>, <Action.NNE: 25>, <Action.SSW: -25>, <Action.WSW: -11>, <Action.WSW: -11>, <Action.ESE: -15>, <Action.NNW: 27>, <Action.NNW: 27>, <Action.NNE: 25>, <Action.NNW: 27>, <Action.WSW: -11>, <Action.WSW: -11>, <Action.ESE: -15>, <Action.NNE: 25>, <Action.NNW: 27>, <Action.WSW: -11>, <Action.NNE: 25>, <Action.ESE: -15>, <Action.ENE: 11>, <Action.WSW: -11>, <Action.ESE: -15>, <Action.ESE: -15>, <Action.SSE: -27>, <Action.SSE: -27>, <Action.SSE: -27>, <Action.SSW: -25>, <Action.SSW: -25>, <Action.NNW: 27>, <Action.WSW: -11>, <Action.ESE: -15>, <Action.NNE: 25>, <Action.WSW: -11>, <Action.WSW: -11>, <Action.NNE: 25>, <Action.ESE: -15>, <Action.WSW: -11>, <Action.NNE: 25>, <Action.WNW: 15>, <Action.NNE: 25>, <Action.NNE: 25>, <Action.WSW: -11>, <Action.NNW: 27>, <Action.ESE: -15>, <Action.NNE: 25>, <Action.SSW: -25>, <Action.SSE: -27>, <Action.WNW: 15>, <Action.SSE: -27>, <Action.WSW: -11>, <Action.WNW: 15>, <Action.WNW: 15>, <Action.SSE: -27>, <Action.WSW: -11>, <Action.WNW: 15>, <Action.NNE: 25>, <Action.NNE: 25>, <Action.WSW: -11>, <Action.ENE: 11>, <Action.NNE: 25>, <Action.ENE: 11>, <Action.NNW: 27>, <Action.ESE: -15>, <Action.NNE: 25>, <Action.ENE: 11>, <Action.ENE: 11>]
Winner: Agent(agent_class=<class 'my_custom_player.CustomPlayer'>, name='Custom Agent')
Loser: Agent(agent_class=<class 'sample_players.MinimaxPlayer'>, name='Minimax Agent')

INFO:sample_players:[Errno 2] No such file or directory: 'data.pickle'
INFO:isolation:Initial game state: Isolation(board=41523161203939122082683632224299007, ply_count=0, locs=(None, None))
First agent: Agent(agent_class=<class 'my_custom_player.CustomPlayer'>, name='Custom Agent')
Second agent: Agent(agent_class=<class 'sample_players.MinimaxPlayer'>, name='Minimax Agent')

INFO:isolation:Status: Status.GAME_OVER
Final State: Isolation(board=32355212178102038545964962697765895, ply_count=70, locs=(35, 69))
History: [57, 45, <Action.ENE: 11>, <Action.NNE: 25>, <Action.WNW: 15>, <Action.SSE: -27>, <Action.ENE: 11>, <Action.ENE: 11>, <Action.SSE: -27>, <Action.ENE: 11>, <Action.SSW: -25>, <Action.SSW: -25>, <Action.SSW: -25>, <Action.WNW: 15>, <Action.NNW: 27>, <Action.ENE: 11>, <Action.ESE: -15>, <Action.WNW: 15>, <Action.SSW: -25>, <Action.SSW: -25>, <Action.WNW: 15>, <Action.WNW: 15>, <Action.NNW: 27>, <Action.NNE: 25>, <Action.NNW: 27>, <Action.WNW: 15>, <Action.WSW: -11>, <Action.SSE: -27>, <Action.ESE: -15>, <Action.SSW: -25>, <Action.SSW: -25>, <Action.WSW: -11>, <Action.NNW: 27>, <Action.NNW: 27>, <Action.ENE: 11>, <Action.ENE: 11>, <Action.NNW: 27>, <Action.ENE: 11>, <Action.NNE: 25>, <Action.SSW: -25>, <Action.SSE: -27>, <Action.WSW: -11>, <Action.NNE: 25>, <Action.SSW: -25>, <Action.ESE: -15>, <Action.SSE: -27>, <Action.ENE: 11>, <Action.ENE: 11>, <Action.ESE: -15>, <Action.ENE: 11>, <Action.WSW: -11>, <Action.ESE: -15>, <Action.SSE: -27>, <Action.NNE: 25>, <Action.SSW: -25>, <Action.WSW: -11>, <Action.SSW: -25>, <Action.SSW: -25>, <Action.WNW: 15>, <Action.NNW: 27>, <Action.WSW: -11>, <Action.WSW: -11>, <Action.NNW: 27>, <Action.ESE: -15>, <Action.WSW: -11>, <Action.NNW: 27>, <Action.ESE: -15>, <Action.NNE: 25>, <Action.NNW: 27>, <Action.ENE: 11>]
Winner: Agent(agent_class=<class 'my_custom_player.CustomPlayer'>, name='Custom Agent')
Loser: Agent(agent_class=<class 'sample_players.MinimaxPlayer'>, name='Minimax Agent')

INFO:sample_players:[Errno 2] No such file or directory: 'data.pickle'
INFO:isolation:Initial game state: Isolation(board=41523161203939122082683632224299007, ply_count=0, locs=(None, None))
First agent: Agent(agent_class=<class 'sample_players.MinimaxPlayer'>, name='Minimax Agent')
Second agent: Agent(agent_class=<class 'my_custom_player.CustomPlayer'>, name='Custom Agent')

INFO:isolation:Status: Status.GAME_OVER
Final State: Isolation(board=40303049822630954489802920563320595, ply_count=70, locs=(35, 70))
History: [107, 82, <Action.ESE: -15>, <Action.ENE: 11>, <Action.SSE: -27>, <Action.ESE: -15>, <Action.SSW: -25>, <Action.SSW: -25>, <Action.SSW: -25>, <Action.WSW: -11>, <Action.ENE: 11>, <Action.NNE: 25>, <Action.WNW: 15>, <Action.WSW: -11>, <Action.SSW: -25>, <Action.SSW: -25>, <Action.WSW: -11>, <Action.NNW: 27>, <Action.NNW: 27>, <Action.ESE: -15>, <Action.NNW: 27>, <Action.NNE: 25>, <Action.NNE: 25>, <Action.WSW: -11>, <Action.ESE: -15>, <Action.SSE: -27>, <Action.SSW: -25>, <Action.WNW: 15>, <Action.NNW: 27>, <Action.NNW: 27>, <Action.NNE: 25>, <Action.NNE: 25>, <Action.WSW: -11>, <Action.ENE: 11>, <Action.SSW: -25>, <Action.SSW: -25>, <Action.WSW: -11>, <Action.WNW: 15>, <Action.NNE: 25>, <Action.ENE: 11>, <Action.NNW: 27>, <Action.ESE: -15>, <Action.ESE: -15>, <Action.ESE: -15>, <Action.SSW: -25>, <Action.SSW: -25>, <Action.ESE: -15>, <Action.ESE: -15>, <Action.SSW: -25>, <Action.SSW: -25>, <Action.ESE: -15>, <Action.WSW: -11>, <Action.ENE: 11>, <Action.NNE: 25>, <Action.ESE: -15>, <Action.NNW: 27>, <Action.NNW: 27>, <Action.NNE: 25>, <Action.WSW: -11>, <Action.ENE: 11>, <Action.WSW: -11>, <Action.SSW: -25>, <Action.WNW: 15>, <Action.WNW: 15>, <Action.NNE: 25>, <Action.NNE: 25>, <Action.SSE: -27>, <Action.WSW: -11>, <Action.WNW: 15>, <Action.SSW: -25>]
Winner: Agent(agent_class=<class 'sample_players.MinimaxPlayer'>, name='Minimax Agent')
Loser: Agent(agent_class=<class 'my_custom_player.CustomPlayer'>, name='Custom Agent')

INFO:sample_players:[Errno 2] No such file or directory: 'data.pickle'
INFO:isolation:Initial game state: Isolation(board=41523161203939122082683632224299007, ply_count=0, locs=(None, None))
First agent: Agent(agent_class=<class 'my_custom_player.CustomPlayer'>, name='Custom Agent')
Second agent: Agent(agent_class=<class 'sample_players.MinimaxPlayer'>, name='Minimax Agent')

INFO:isolation:Status: Status.GAME_OVER
Final State: Isolation(board=40871132928800525668984017184277007, ply_count=51, locs=(10, 72))
History: [57, 4, <Action.NNE: 25>, <Action.NNE: 25>, <Action.NNW: 27>, <Action.NNE: 25>, <Action.ESE: -15>, <Action.ENE: 11>, <Action.SSW: -25>, <Action.SSW: -25>, <Action.NNW: 27>, <Action.SSE: -27>, <Action.WSW: -11>, <Action.WNW: 15>, <Action.ESE: -15>, <Action.NNE: 25>, <Action.NNE: 25>, <Action.WNW: 15>, <Action.WSW: -11>, <Action.SSE: -27>, <Action.WSW: -11>, <Action.SSW: -25>, <Action.NNE: 25>, <Action.WSW: -11>, <Action.ESE: -15>, <Action.WNW: 15>, <Action.SSE: -27>, <Action.NNE: 25>, <Action.WNW: 15>, <Action.SSE: -27>, <Action.WNW: 15>, <Action.WSW: -11>, <Action.WNW: 15>, <Action.NNE: 25>, <Action.SSE: -27>, <Action.WNW: 15>, <Action.ESE: -15>, <Action.ENE: 11>, <Action.SSW: -25>, <Action.SSE: -27>, <Action.ESE: -15>, <Action.SSW: -25>, <Action.WSW: -11>, <Action.NNW: 27>, <Action.NNW: 27>, <Action.NNW: 27>, <Action.ENE: 11>, <Action.NNW: 27>, <Action.SSW: -25>, <Action.ESE: -15>, <Action.WSW: -11>]
Winner: Agent(agent_class=<class 'sample_players.MinimaxPlayer'>, name='Minimax Agent')
Loser: Agent(agent_class=<class 'my_custom_player.CustomPlayer'>, name='Custom Agent')

INFO:sample_players:[Errno 2] No such file or directory: 'data.pickle'
INFO:isolation:Initial game state: Isolation(board=41523161203939122082683632224299007, ply_count=0, locs=(None, None))
First agent: Agent(agent_class=<class 'sample_players.MinimaxPlayer'>, name='Minimax Agent')
Second agent: Agent(agent_class=<class 'my_custom_player.CustomPlayer'>, name='Custom Agent')

INFO:isolation:Status: Status.GAME_OVER
Final State: Isolation(board=35903054241508559689922571873077001, ply_count=71, locs=(2, 4))
History: [45, 30, <Action.NNE: 25>, <Action.NNE: 25>, <Action.NNE: 25>, <Action.NNE: 25>, <Action.WSW: -11>, <Action.WSW: -11>, <Action.SSE: -27>, <Action.SSW: -25>, <Action.NNE: 25>, <Action.ESE: -15>, <Action.WSW: -11>, <Action.NNW: 27>, <Action.NNE: 25>, <Action.ESE: -15>, <Action.WSW: -11>, <Action.NNW: 27>, <Action.SSE: -27>, <Action.SSW: -25>, <Action.NNE: 25>, <Action.WSW: -11>, <Action.WSW: -11>, <Action.SSW: -25>, <Action.WSW: -11>, <Action.ENE: 11>, <Action.ESE: -15>, <Action.WNW: 15>, <Action.ESE: -15>, <Action.SSE: -27>, <Action.ENE: 11>, <Action.ENE: 11>, <Action.ENE: 11>, <Action.ENE: 11>, <Action.NNE: 25>, <Action.SSE: -27>, <Action.WSW: -11>, <Action.WNW: 15>, <Action.ESE: -15>, <Action.WSW: -11>, <Action.SSW: -25>, <Action.WNW: 15>, <Action.NNW: 27>, <Action.WNW: 15>, <Action.ESE: -15>, <Action.NNE: 25>, <Action.NNW: 27>, <Action.WNW: 15>, <Action.NNE: 25>, <Action.NNE: 25>, <Action.WNW: 15>, <Action.SSE: -27>, <Action.SSE: -27>, <Action.NNE: 25>, <Action.NNE: 25>, <Action.WSW: -11>, <Action.WSW: -11>, <Action.NNE: 25>, <Action.WNW: 15>, <Action.ESE: -15>, <Action.SSE: -27>, <Action.WSW: -11>, <Action.ENE: 11>, <Action.SSE: -27>, <Action.SSE: -27>, <Action.SSW: -25>, <Action.SSW: -25>, <Action.ESE: -15>, <Action.SSE: -27>, <Action.ESE: -15>, <Action.WSW: -11>]
Winner: Agent(agent_class=<class 'my_custom_player.CustomPlayer'>, name='Custom Agent')
Loser: Agent(agent_class=<class 'sample_players.MinimaxPlayer'>, name='Minimax Agent')

INFO:sample_players:[Errno 2] No such file or directory: 'data.pickle'
INFO:isolation:Initial game state: Isolation(board=41523161203939122082683632224299007, ply_count=0, locs=(None, None))
First agent: Agent(agent_class=<class 'my_custom_player.CustomPlayer'>, name='Custom Agent')
Second agent: Agent(agent_class=<class 'sample_players.MinimaxPlayer'>, name='Minimax Agent')

INFO:isolation:Status: Status.GAME_OVER
Final State: Isolation(board=33894444539712522330083353755124867, ply_count=78, locs=(3, 4))
History: [57, 48, <Action.ENE: 11>, <Action.NNE: 25>, <Action.WNW: 15>, <Action.NNE: 25>, <Action.SSW: -25>, <Action.SSE: -27>, <Action.ESE: -15>, <Action.NNE: 25>, <Action.SSW: -25>, <Action.ENE: 11>, <Action.NNW: 27>, <Action.ESE: -15>, <Action.NNE: 25>, <Action.SSE: -27>, <Action.NNE: 25>, <Action.SSW: -25>, <Action.WSW: -11>, <Action.SSE: -27>, <Action.NNE: 25>, <Action.WSW: -11>, <Action.ESE: -15>, <Action.NNE: 25>, <Action.SSW: -25>, <Action.NNE: 25>, <Action.ENE: 11>, <Action.WSW: -11>, <Action.SSW: -25>, <Action.SSW: -25>, <Action.ENE: 11>, <Action.WSW: -11>, <Action.WNW: 15>, <Action.WNW: 15>, <Action.SSE: -27>, <Action.WSW: -11>, <Action.ESE: -15>, <Action.NNE: 25>, <Action.SSW: -25>, <Action.NNE: 25>, <Action.WNW: 15>, <Action.SSE: -27>, <Action.WNW: 15>, <Action.ESE: -15>, <Action.WSW: -11>, <Action.NNE: 25>, <Action.SSE: -27>, <Action.WSW: -11>, <Action.WNW: 15>, <Action.WNW: 15>, <Action.WNW: 15>, <Action.WNW: 15>, <Action.ENE: 11>, <Action.NNE: 25>, <Action.WNW: 15>, <Action.WSW: -11>, <Action.NNE: 25>, <Action.NNE: 25>, <Action.NNE: 25>, <Action.ESE: -15>, <Action.ESE: -15>, <Action.NNE: 25>, <Action.ENE: 11>, <Action.WSW: -11>, <Action.ESE: -15>, <Action.SSW: -25>, <Action.ESE: -15>, <Action.SSW: -25>, <Action.SSW: -25>, <Action.ENE: 11>, <Action.SSE: -27>, <Action.SSW: -25>, <Action.WSW: -11>, <Action.SSE: -27>, <Action.WNW: 15>, <Action.ENE: 11>, <Action.SSE: -27>, <Action.ESE: -15>]
Winner: Agent(agent_class=<class 'my_custom_player.CustomPlayer'>, name='Custom Agent')
Loser: Agent(agent_class=<class 'sample_players.MinimaxPlayer'>, name='Minimax Agent')

INFO:sample_players:[Errno 2] No such file or directory: 'data.pickle'
INFO:isolation:Initial game state: Isolation(board=41523151300418807799641431957563391, ply_count=2, locs=(93, 30))
First agent: Agent(agent_class=<class 'my_custom_player.CustomPlayer'>, name='Custom Agent')
Second agent: Agent(agent_class=<class 'sample_players.MinimaxPlayer'>, name='Minimax Agent')

INFO:isolation:Status: Status.GAME_OVER
Final State: Isolation(board=32757104145491825017691511011444443, ply_count=70, locs=(27, 52))
History: [<Action.SSE: -27>, <Action.NNE: 25>, <Action.SSE: -27>, <Action.NNE: 25>, <Action.SSW: -25>, <Action.SSE: -27>, <Action.WNW: 15>, <Action.NNE: 25>, <Action.NNE: 25>, <Action.WSW: -11>, <Action.WSW: -11>, <Action.SSW: -25>, <Action.WNW: 15>, <Action.WSW: -11>, <Action.ENE: 11>, <Action.NNE: 25>, <Action.WNW: 15>, <Action.WSW: -11>, <Action.NNE: 25>, <Action.NNE: 25>, <Action.SSE: -27>, <Action.WSW: -11>, <Action.WNW: 15>, <Action.ESE: -15>, <Action.ENE: 11>, <Action.SSW: -25>, <Action.SSW: -25>, <Action.WSW: -11>, <Action.ESE: -15>, <Action.NNE: 25>, <Action.WSW: -11>, <Action.WSW: -11>, <Action.WSW: -11>, <Action.NNW: 27>, <Action.SSW: -25>, <Action.NNE: 25>, <Action.ENE: 11>, <Action.NNW: 27>, <Action.WNW: 15>, <Action.ENE: 11>, <Action.NNE: 25>, <Action.SSE: -27>, <Action.WNW: 15>, <Action.WNW: 15>, <Action.SSE: -27>, <Action.ENE: 11>, <Action.ENE: 11>, <Action.SSW: -25>, <Action.NNE: 25>, <Action.SSW: -25>, <Action.ESE: -15>, <Action.NNW: 27>, <Action.ENE: 11>, <Action.ESE: -15>, <Action.SSE: -27>, <Action.WSW: -11>, <Action.SSW: -25>, <Action.SSE: -27>, <Action.SSE: -27>, <Action.ESE: -15>, <Action.WNW: 15>, <Action.ESE: -15>, <Action.WSW: -11>, <Action.ENE: 11>, <Action.ESE: -15>, <Action.NNE: 25>, <Action.NNE: 25>, <Action.ENE: 11>]
Winner: Agent(agent_class=<class 'sample_players.MinimaxPlayer'>, name='Minimax Agent')
Loser: Agent(agent_class=<class 'my_custom_player.CustomPlayer'>, name='Custom Agent')

INFO:sample_players:[Errno 2] No such file or directory: 'data.pickle'
INFO:isolation:Initial game state: Isolation(board=41523161049196617027895909786052607, ply_count=2, locs=(57, 87))
First agent: Agent(agent_class=<class 'sample_players.MinimaxPlayer'>, name='Minimax Agent')
Second agent: Agent(agent_class=<class 'my_custom_player.CustomPlayer'>, name='Custom Agent')

INFO:isolation:Status: Status.GAME_OVER
Final State: Isolation(board=22090079669062290440614031889810494, ply_count=75, locs=(80, 83))
History: [<Action.NNE: 25>, <Action.ESE: -15>, <Action.NNE: 25>, <Action.NNW: 27>, <Action.ESE: -15>, <Action.ESE: -15>, <Action.SSE: -27>, <Action.ESE: -15>, <Action.SSW: -25>, <Action.ESE: -15>, <Action.SSE: -27>, <Action.NNW: 27>, <Action.WNW: 15>, <Action.ESE: -15>, <Action.NNE: 25>, <Action.SSW: -25>, <Action.WSW: -11>, <Action.SSW: -25>, <Action.WSW: -11>, <Action.NNW: 27>, <Action.SSW: -25>, <Action.NNE: 25>, <Action.ENE: 11>, <Action.NNW: 27>, <Action.WNW: 15>, <Action.SSW: -25>, <Action.SSW: -25>, <Action.ESE: -15>, <Action.ENE: 11>, <Action.WSW: -11>, <Action.WNW: 15>, <Action.ESE: -15>, <Action.NNE: 25>, <Action.NNW: 27>, <Action.WNW: 15>, <Action.WSW: -11>, <Action.SSE: -27>, <Action.WSW: -11>, <Action.NNE: 25>, <Action.SSW: -25>, <Action.NNE: 25>, <Action.ENE: 11>, <Action.WNW: 15>, <Action.NNW: 27>, <Action.WSW: -11>, <Action.NNW: 27>, <Action.SSW: -25>, <Action.ENE: 11>, <Action.ESE: -15>, <Action.NNW: 27>, <Action.SSW: -25>, <Action.ESE: -15>, <Action.SSE: -27>, <Action.WSW: -11>, <Action.ENE: 11>, <Action.NNW: 27>, <Action.ENE: 11>, <Action.ESE: -15>, <Action.ESE: -15>, <Action.ENE: 11>, <Action.ESE: -15>, <Action.ESE: -15>, <Action.NNW: 27>, <Action.ENE: 11>, <Action.NNE: 25>, <Action.SSE: -27>, <Action.NNW: 27>, <Action.WNW: 15>, <Action.NNW: 27>, <Action.WNW: 15>, <Action.ESE: -15>, <Action.SSW: -25>, <Action.WSW: -11>]
Winner: Agent(agent_class=<class 'my_custom_player.CustomPlayer'>, name='Custom Agent')
Loser: Agent(agent_class=<class 'sample_players.MinimaxPlayer'>, name='Minimax Agent')

INFO:sample_players:[Errno 2] No such file or directory: 'data.pickle'
INFO:isolation:Initial game state: Isolation(board=41523161203939121920554045638961151, ply_count=2, locs=(54, 57))
First agent: Agent(agent_class=<class 'my_custom_player.CustomPlayer'>, name='Custom Agent')
Second agent: Agent(agent_class=<class 'sample_players.MinimaxPlayer'>, name='Minimax Agent')

INFO:isolation:Status: Status.GAME_OVER
Final State: Isolation(board=28377802281062333253398632080188695, ply_count=60, locs=(113, 86))
History: [<Action.SSW: -25>, <Action.NNE: 25>, <Action.WNW: 15>, <Action.NNE: 25>, <Action.NNE: 25>, <Action.WSW: -11>, <Action.NNE: 25>, <Action.ESE: -15>, <Action.SSE: -27>, <Action.ESE: -15>, <Action.SSW: -25>, <Action.SSE: -27>, <Action.SSW: -25>, <Action.SSW: -25>, <Action.ENE: 11>, <Action.WSW: -11>, <Action.WNW: 15>, <Action.WNW: 15>, <Action.WSW: -11>, <Action.WSW: -11>, <Action.SSE: -27>, <Action.WNW: 15>, <Action.NNE: 25>, <Action.ENE: 11>, <Action.NNE: 25>, <Action.NNE: 25>, <Action.WNW: 15>, <Action.NNE: 25>, <Action.SSW: -25>, <Action.WNW: 15>, <Action.WSW: -11>, <Action.SSE: -27>, <Action.NNW: 27>, <Action.ESE: -15>, <Action.ESE: -15>, <Action.ESE: -15>, <Action.ESE: -15>, <Action.NNW: 27>, <Action.SSW: -25>, <Action.NNW: 27>, <Action.WNW: 15>, <Action.WSW: -11>, <Action.WNW: 15>, <Action.SSW: -25>, <Action.SSE: -27>, <Action.WNW: 15>, <Action.ENE: 11>, <Action.ENE: 11>, <Action.NNW: 27>, <Action.SSW: -25>, <Action.NNE: 25>, <Action.WNW: 15>, <Action.NNW: 27>, <Action.NNE: 25>, <Action.WSW: -11>, <Action.ENE: 11>, <Action.NNE: 25>, <Action.SSW: -25>]
Winner: Agent(agent_class=<class 'sample_players.MinimaxPlayer'>, name='Minimax Agent')
Loser: Agent(agent_class=<class 'my_custom_player.CustomPlayer'>, name='Custom Agent')

INFO:sample_players:[Errno 2] No such file or directory: 'data.pickle'
INFO:isolation:Initial game state: Isolation(board=41523161203334659028761129561090047, ply_count=2, locs=(57, 79))
First agent: Agent(agent_class=<class 'sample_players.MinimaxPlayer'>, name='Minimax Agent')
Second agent: Agent(agent_class=<class 'my_custom_player.CustomPlayer'>, name='Custom Agent')

INFO:isolation:Status: Status.GAME_OVER
Final State: Isolation(board=34218339399818258320238210022705123, ply_count=58, locs=(47, 13))
History: [<Action.NNE: 25>, <Action.SSW: -25>, <Action.NNE: 25>, <Action.SSW: -25>, <Action.WSW: -11>, <Action.WSW: -11>, <Action.ESE: -15>, <Action.WNW: 15>, <Action.ESE: -15>, <Action.NNW: 27>, <Action.SSE: -27>, <Action.NNE: 25>, <Action.SSW: -25>, <Action.NNE: 25>, <Action.WSW: -11>, <Action.ESE: -15>, <Action.NNE: 25>, <Action.SSE: -27>, <Action.NNE: 25>, <Action.SSW: -25>, <Action.WSW: -11>, <Action.WSW: -11>, <Action.WSW: -11>, <Action.ESE: -15>, <Action.WNW: 15>, <Action.NNW: 27>, <Action.NNE: 25>, <Action.ENE: 11>, <Action.NNW: 27>, <Action.WNW: 15>, <Action.ESE: -15>, <Action.SSW: -25>, <Action.SSW: -25>, <Action.WSW: -11>, <Action.ENE: 11>, <Action.ESE: -15>, <Action.NNE: 25>, <Action.ESE: -15>, <Action.WNW: 15>, <Action.ENE: 11>, <Action.SSW: -25>, <Action.NNE: 25>, <Action.SSW: -25>, <Action.NNE: 25>, <Action.WNW: 15>, <Action.NNW: 27>, <Action.NNW: 27>, <Action.SSW: -25>, <Action.ENE: 11>, <Action.ESE: -15>, <Action.ESE: -15>, <Action.SSW: -25>, <Action.SSW: -25>, <Action.SSW: -25>, <Action.SSW: -25>, <Action.ENE: 11>]
Winner: Agent(agent_class=<class 'sample_players.MinimaxPlayer'>, name='Minimax Agent')
Loser: Agent(agent_class=<class 'my_custom_player.CustomPlayer'>, name='Custom Agent')

INFO:sample_players:[Errno 2] No such file or directory: 'data.pickle'
INFO:isolation:Initial game state: Isolation(board=41523161203936760899442196327950335, ply_count=2, locs=(71, 30))
First agent: Agent(agent_class=<class 'my_custom_player.CustomPlayer'>, name='Custom Agent')
Second agent: Agent(agent_class=<class 'sample_players.MinimaxPlayer'>, name='Minimax Agent')

INFO:isolation:Status: Status.GAME_OVER
Final State: Isolation(board=29190197802765100476192138214286143, ply_count=66, locs=(33, 10))
History: [<Action.NNE: 25>, <Action.NNE: 25>, <Action.SSE: -27>, <Action.ESE: -15>, <Action.NNE: 25>, <Action.NNE: 25>, <Action.ESE: -15>, <Action.WSW: -11>, <Action.WSW: -11>, <Action.WSW: -11>, <Action.NNW: 27>, <Action.SSE: -27>, <Action.WSW: -11>, <Action.NNE: 25>, <Action.NNE: 25>, <Action.WNW: 15>, <Action.SSE: -27>, <Action.WSW: -11>, <Action.WNW: 15>, <Action.SSE: -27>, <Action.SSE: -27>, <Action.WSW: -11>, <Action.WNW: 15>, <Action.NNE: 25>, <Action.NNE: 25>, <Action.NNE: 25>, <Action.SSE: -27>, <Action.WSW: -11>, <Action.SSW: -25>, <Action.ESE: -15>, <Action.WNW: 15>, <Action.SSW: -25>, <Action.SSW: -25>, <Action.ENE: 11>, <Action.SSW: -25>, <Action.NNE: 25>, <Action.ENE: 11>, <Action.ENE: 11>, <Action.WNW: 15>, <Action.NNE: 25>, <Action.NNE: 25>, <Action.WNW: 15>, <Action.NNE: 25>, <Action.SSE: -27>, <Action.WSW: -11>, <Action.SSE: -27>, <Action.NNE: 25>, <Action.SSW: -25>, <Action.ESE: -15>, <Action.WNW: 15>, <Action.WSW: -11>, <Action.WNW: 15>, <Action.SSW: -25>, <Action.WNW: 15>, <Action.ESE: -15>, <Action.NNW: 27>, <Action.SSE: -27>, <Action.SSW: -25>, <Action.WNW: 15>, <Action.SSW: -25>, <Action.NNE: 25>, <Action.ESE: -15>, <Action.SSE: -27>, <Action.WSW: -11>]
Winner: Agent(agent_class=<class 'my_custom_player.CustomPlayer'>, name='Custom Agent')
Loser: Agent(agent_class=<class 'sample_players.MinimaxPlayer'>, name='Minimax Agent')

INFO:sample_players:[Errno 2] No such file or directory: 'data.pickle'
INFO:isolation:Initial game state: Isolation(board=41523161203939121938568444148442623, ply_count=2, locs=(57, 9))
First agent: Agent(agent_class=<class 'sample_players.MinimaxPlayer'>, name='Minimax Agent')
Second agent: Agent(agent_class=<class 'my_custom_player.CustomPlayer'>, name='Custom Agent')

INFO:isolation:Status: Status.GAME_OVER
Final State: Isolation(board=37323437086795681873769703808181735, ply_count=65, locs=(105, 20))
History: [<Action.NNE: 25>, <Action.NNE: 25>, <Action.NNE: 25>, <Action.ESE: -15>, <Action.ESE: -15>, <Action.NNE: 25>, <Action.SSE: -27>, <Action.NNE: 25>, <Action.WSW: -11>, <Action.NNE: 25>, <Action.ESE: -15>, <Action.SSE: -27>, <Action.SSW: -25>, <Action.WSW: -11>, <Action.WSW: -11>, <Action.NNE: 25>, <Action.NNE: 25>, <Action.WNW: 15>, <Action.NNE: 25>, <Action.WSW: -11>, <Action.WSW: -11>, <Action.SSE: -27>, <Action.SSW: -25>, <Action.ESE: -15>, <Action.WNW: 15>, <Action.NNE: 25>, <Action.NNW: 27>, <Action.WNW: 15>, <Action.NNE: 25>, <Action.WNW: 15>, <Action.NNW: 27>, <Action.SSE: -27>, <Action.SSW: -25>, <Action.WSW: -11>, <Action.ENE: 11>, <Action.ESE: -15>, <Action.SSW: -25>, <Action.SSE: -27>, <Action.WSW: -11>, <Action.ENE: 11>, <Action.ESE: -15>, <Action.SSW: -25>, <Action.ESE: -15>, <Action.ENE: 11>, <Action.ESE: -15>, <Action.WNW: 15>, <Action.NNE: 25>, <Action.NNE: 25>, <Action.NNE: 25>, <Action.NNE: 25>, <Action.NNE: 25>, <Action.WNW: 15>, <Action.WNW: 15>, <Action.WNW: 15>, <Action.SSE: -27>, <Action.WSW: -11>, <Action.NNE: 25>, <Action.SSW: -25>, <Action.WSW: -11>, <Action.SSE: -27>, <Action.ESE: -15>, <Action.SSE: -27>, <Action.NNW: 27>]
Winner: Agent(agent_class=<class 'my_custom_player.CustomPlayer'>, name='Custom Agent')
Loser: Agent(agent_class=<class 'sample_players.MinimaxPlayer'>, name='Minimax Agent')

INFO:sample_players:[Errno 2] No such file or directory: 'data.pickle'
INFO:isolation:Initial game state: Isolation(board=38927012755328895154584317264390143, ply_count=2, locs=(111, 84))
First agent: Agent(agent_class=<class 'my_custom_player.CustomPlayer'>, name='Custom Agent')
Second agent: Agent(agent_class=<class 'sample_players.MinimaxPlayer'>, name='Minimax Agent')

INFO:isolation:Status: Status.GAME_OVER
Final State: Isolation(board=26472362495497740651341921386800799, ply_count=64, locs=(16, 5))
History: [<Action.ESE: -15>, <Action.NNE: 25>, <Action.ESE: -15>, <Action.ESE: -15>, <Action.SSE: -27>, <Action.ENE: 11>, <Action.WSW: -11>, <Action.SSW: -25>, <Action.NNE: 25>, <Action.SSE: -27>, <Action.WSW: -11>, <Action.WSW: -11>, <Action.WNW: 15>, <Action.SSW: -25>, <Action.NNE: 25>, <Action.WSW: -11>, <Action.ESE: -15>, <Action.NNW: 27>, <Action.SSE: -27>, <Action.NNE: 25>, <Action.SSW: -25>, <Action.NNE: 25>, <Action.WNW: 15>, <Action.SSE: -27>, <Action.WSW: -11>, <Action.SSW: -25>, <Action.ESE: -15>, <Action.WNW: 15>, <Action.NNE: 25>, <Action.NNE: 25>, <Action.WNW: 15>, <Action.WSW: -11>, <Action.SSE: -27>, <Action.NNE: 25>, <Action.WSW: -11>, <Action.WSW: -11>, <Action.WNW: 15>, <Action.SSE: -27>, <Action.NNE: 25>, <Action.WNW: 15>, <Action.NNW: 27>, <Action.ENE: 11>, <Action.ENE: 11>, <Action.NNE: 25>, <Action.ENE: 11>, <Action.WNW: 15>, <Action.ESE: -15>, <Action.SSE: -27>, <Action.ENE: 11>, <Action.WSW: -11>, <Action.ESE: -15>, <Action.SSE: -27>, <Action.SSW: -25>, <Action.SSW: -25>, <Action.SSE: -27>, <Action.ESE: -15>, <Action.SSW: -25>, <Action.NNW: 27>, <Action.NNW: 27>, <Action.ESE: -15>, <Action.SSW: -25>, <Action.ESE: -15>]
Winner: Agent(agent_class=<class 'my_custom_player.CustomPlayer'>, name='Custom Agent')
Loser: Agent(agent_class=<class 'sample_players.MinimaxPlayer'>, name='Minimax Agent')

INFO:sample_players:[Errno 2] No such file or directory: 'data.pickle'
INFO:isolation:Initial game state: Isolation(board=41523081975776607674230850604492799, ply_count=2, locs=(57, 96))
First agent: Agent(agent_class=<class 'sample_players.MinimaxPlayer'>, name='Minimax Agent')
Second agent: Agent(agent_class=<class 'my_custom_player.CustomPlayer'>, name='Custom Agent')

INFO:isolation:Status: Status.GAME_OVER
Final State: Isolation(board=39392403876259880235204891530774488, ply_count=58, locs=(5, 20))
History: [<Action.NNE: 25>, <Action.ESE: -15>, <Action.NNE: 25>, <Action.SSE: -27>, <Action.ESE: -15>, <Action.SSW: -25>, <Action.SSE: -27>, <Action.WSW: -11>, <Action.SSW: -25>, <Action.NNW: 27>, <Action.SSE: -27>, <Action.NNE: 25>, <Action.WSW: -11>, <Action.ESE: -15>, <Action.WNW: 15>, <Action.NNE: 25>, <Action.NNE: 25>, <Action.WSW: -11>, <Action.WSW: -11>, <Action.NNE: 25>, <Action.NNE: 25>, <Action.WNW: 15>, <Action.WNW: 15>, <Action.WSW: -11>, <Action.SSE: -27>, <Action.SSW: -25>, <Action.SSW: -25>, <Action.SSW: -25>, <Action.ENE: 11>, <Action.SSE: -27>, <Action.ENE: 11>, <Action.ENE: 11>, <Action.NNE: 25>, <Action.ENE: 11>, <Action.NNW: 27>, <Action.WNW: 15>, <Action.ENE: 11>, <Action.NNE: 25>, <Action.SSW: -25>, <Action.ESE: -15>, <Action.SSE: -27>, <Action.NNW: 27>, <Action.SSW: -25>, <Action.WSW: -11>, <Action.SSE: -27>, <Action.WNW: 15>, <Action.WNW: 15>, <Action.ENE: 11>, <Action.ENE: 11>, <Action.SSW: -25>, <Action.SSW: -25>, <Action.SSW: -25>, <Action.WNW: 15>, <Action.SSW: -25>, <Action.WSW: -11>, <Action.ESE: -15>]
Winner: Agent(agent_class=<class 'my_custom_player.CustomPlayer'>, name='Custom Agent')
Loser: Agent(agent_class=<class 'sample_players.MinimaxPlayer'>, name='Minimax Agent')

INFO:sample_players:[Errno 2] No such file or directory: 'data.pickle'
INFO:isolation:Initial game state: Isolation(board=41523161203929677061487516782159871, ply_count=2, locs=(73, 58))
First agent: Agent(agent_class=<class 'my_custom_player.CustomPlayer'>, name='Custom Agent')
Second agent: Agent(agent_class=<class 'sample_players.MinimaxPlayer'>, name='Minimax Agent')

INFO:isolation:Status: Status.GAME_OVER
Final State: Isolation(board=13288816214659774619791053864445455, ply_count=67, locs=(114, 46))
History: [<Action.NNE: 25>, <Action.NNE: 25>, <Action.ENE: 11>, <Action.NNE: 25>, <Action.SSE: -27>, <Action.SSE: -27>, <Action.WSW: -11>, <Action.ESE: -15>, <Action.WSW: -11>, <Action.NNE: 25>, <Action.ESE: -15>, <Action.WSW: -11>, <Action.WSW: -11>, <Action.SSE: -27>, <Action.SSE: -27>, <Action.NNE: 25>, <Action.NNE: 25>, <Action.WSW: -11>, <Action.NNE: 25>, <Action.SSE: -27>, <Action.NNW: 27>, <Action.NNE: 25>, <Action.ENE: 11>, <Action.WSW: -11>, <Action.SSE: -27>, <Action.ESE: -15>, <Action.SSW: -25>, <Action.SSW: -25>, <Action.ESE: -15>, <Action.WNW: 15>, <Action.NNW: 27>, <Action.SSW: -25>, <Action.WSW: -11>, <Action.ENE: 11>, <Action.NNE: 25>, <Action.NNW: 27>, <Action.NNW: 27>, <Action.ESE: -15>, <Action.WSW: -11>, <Action.NNE: 25>, <Action.NNE: 25>, <Action.WSW: -11>, <Action.WSW: -11>, <Action.SSW: -25>, <Action.SSE: -27>, <Action.WSW: -11>, <Action.SSW: -25>, <Action.WNW: 15>, <Action.WSW: -11>, <Action.ENE: 11>, <Action.NNE: 25>, <Action.SSW: -25>, <Action.NNE: 25>, <Action.WNW: 15>, <Action.SSE: -27>, <Action.NNW: 27>, <Action.ENE: 11>, <Action.ESE: -15>, <Action.NNW: 27>, <Action.SSW: -25>, <Action.WNW: 15>, <Action.ENE: 11>, <Action.SSW: -25>, <Action.NNW: 27>, <Action.NNW: 27>]
Winner: Agent(agent_class=<class 'sample_players.MinimaxPlayer'>, name='Minimax Agent')
Loser: Agent(agent_class=<class 'my_custom_player.CustomPlayer'>, name='Custom Agent')

INFO:sample_players:[Errno 2] No such file or directory: 'data.pickle'
INFO:isolation:Initial game state: Isolation(board=41523161202730196118953814973736959, ply_count=2, locs=(57, 80))
First agent: Agent(agent_class=<class 'sample_players.MinimaxPlayer'>, name='Minimax Agent')
Second agent: Agent(agent_class=<class 'my_custom_player.CustomPlayer'>, name='Custom Agent')

INFO:isolation:Status: Status.GAME_OVER
Final State: Isolation(board=39227846479478651063295207777789949, ply_count=66, locs=(93, 78))
History: [<Action.NNE: 25>, <Action.SSW: -25>, <Action.ESE: -15>, <Action.WSW: -11>, <Action.NNE: 25>, <Action.NNE: 25>, <Action.WSW: -11>, <Action.WNW: 15>, <Action.ESE: -15>, <Action.NNE: 25>, <Action.SSE: -27>, <Action.ESE: -15>, <Action.WSW: -11>, <Action.WSW: -11>, <Action.WSW: -11>, <Action.NNE: 25>, <Action.NNE: 25>, <Action.WSW: -11>, <Action.WSW: -11>, <Action.SSE: -27>, <Action.WSW: -11>, <Action.WSW: -11>, <Action.NNE: 25>, <Action.SSE: -27>, <Action.ENE: 11>, <Action.ENE: 11>, <Action.WNW: 15>, <Action.SSW: -25>, <Action.WSW: -11>, <Action.WNW: 15>, <Action.WSW: -11>, <Action.WSW: -11>, <Action.NNE: 25>, <Action.NNE: 25>, <Action.NNW: 27>, <Action.WNW: 15>, <Action.ESE: -15>, <Action.NNE: 25>, <Action.SSW: -25>, <Action.ESE: -15>, <Action.NNW: 27>, <Action.NNW: 27>, <Action.ESE: -15>, <Action.ENE: 11>, <Action.SSE: -27>, <Action.ESE: -15>, <Action.SSE: -27>, <Action.SSE: -27>, <Action.ENE: 11>, <Action.SSE: -27>, <Action.ESE: -15>, <Action.ENE: 11>, <Action.NNE: 25>, <Action.SSW: -25>, <Action.WSW: -11>, <Action.WSW: -11>, <Action.NNE: 25>, <Action.ESE: -15>, <Action.NNE: 25>, <Action.NNE: 25>, <Action.NNE: 25>, <Action.NNW: 27>, <Action.WSW: -11>, <Action.NNE: 25>]
Winner: Agent(agent_class=<class 'my_custom_player.CustomPlayer'>, name='Custom Agent')
Loser: Agent(agent_class=<class 'sample_players.MinimaxPlayer'>, name='Minimax Agent')

INFO:sample_players:[Errno 2] No such file or directory: 'data.pickle'
INFO:isolation:Initial game state: Isolation(board=41523161203939122082683631687428091, ply_count=2, locs=(2, 29))
First agent: Agent(agent_class=<class 'my_custom_player.CustomPlayer'>, name='Custom Agent')
Second agent: Agent(agent_class=<class 'sample_players.MinimaxPlayer'>, name='Minimax Agent')

INFO:isolation:Status: Status.GAME_OVER
Final State: Isolation(board=32514634245687165565805249977280283, ply_count=65, locs=(92, 48))
History: [<Action.NNE: 25>, <Action.NNE: 25>, <Action.WSW: -11>, <Action.NNE: 25>, <Action.WSW: -11>, <Action.SSE: -27>, <Action.NNE: 25>, <Action.WNW: 15>, <Action.NNW: 27>, <Action.WSW: -11>, <Action.ENE: 11>, <Action.NNW: 27>, <Action.SSW: -25>, <Action.SSW: -25>, <Action.ESE: -15>, <Action.ENE: 11>, <Action.NNW: 27>, <Action.SSW: -25>, <Action.WNW: 15>, <Action.SSW: -25>, <Action.SSW: -25>, <Action.NNW: 27>, <Action.WSW: -11>, <Action.NNE: 25>, <Action.SSE: -27>, <Action.NNE: 25>, <Action.NNE: 25>, <Action.WNW: 15>, <Action.WNW: 15>, <Action.SSE: -27>, <Action.NNW: 27>, <Action.ENE: 11>, <Action.NNW: 27>, <Action.ENE: 11>, <Action.ENE: 11>, <Action.ESE: -15>, <Action.SSE: -27>, <Action.SSW: -25>, <Action.SSW: -25>, <Action.SSW: -25>, <Action.SSW: -25>, <Action.ESE: -15>, <Action.ESE: -15>, <Action.WSW: -11>, <Action.ENE: 11>, <Action.NNE: 25>, <Action.SSW: -25>, <Action.NNE: 25>, <Action.WNW: 15>, <Action.WNW: 15>, <Action.WNW: 15>, <Action.NNW: 27>, <Action.NNE: 25>, <Action.SSW: -25>, <Action.NNE: 25>, <Action.NNW: 27>, <Action.ENE: 11>, <Action.WSW: -11>, <Action.ENE: 11>, <Action.SSW: -25>, <Action.SSE: -27>, <Action.SSW: -25>, <Action.ENE: 11>]
Winner: Agent(agent_class=<class 'sample_players.MinimaxPlayer'>, name='Minimax Agent')
Loser: Agent(agent_class=<class 'my_custom_player.CustomPlayer'>, name='Custom Agent')

INFO:sample_players:[Errno 2] No such file or directory: 'data.pickle'
INFO:isolation:Initial game state: Isolation(board=41523161203939121938568444147918847, ply_count=2, locs=(57, 19))
First agent: Agent(agent_class=<class 'sample_players.MinimaxPlayer'>, name='Minimax Agent')
Second agent: Agent(agent_class=<class 'my_custom_player.CustomPlayer'>, name='Custom Agent')

INFO:isolation:Status: Status.GAME_OVER
Final State: Isolation(board=17893207922692455460516130222810909, ply_count=69, locs=(7, 28))
History: [<Action.NNE: 25>, <Action.ENE: 11>, <Action.NNE: 25>, <Action.NNE: 25>, <Action.ESE: -15>, <Action.NNE: 25>, <Action.SSE: -27>, <Action.WSW: -11>, <Action.SSW: -25>, <Action.NNE: 25>, <Action.WSW: -11>, <Action.WSW: -11>, <Action.NNE: 25>, <Action.ESE: -15>, <Action.ESE: -15>, <Action.SSW: -25>, <Action.SSW: -25>, <Action.SSW: -25>, <Action.NNW: 27>, <Action.NNW: 27>, <Action.SSW: -25>, <Action.WSW: -11>, <Action.ENE: 11>, <Action.NNE: 25>, <Action.WNW: 15>, <Action.ESE: -15>, <Action.WSW: -11>, <Action.WSW: -11>, <Action.WSW: -11>, <Action.NNW: 27>, <Action.ESE: -15>, <Action.ENE: 11>, <Action.NNW: 27>, <Action.NNE: 25>, <Action.ESE: -15>, <Action.WNW: 15>, <Action.WSW: -11>, <Action.SSE: -27>, <Action.WNW: 15>, <Action.WSW: -11>, <Action.WNW: 15>, <Action.ESE: -15>, <Action.NNE: 25>, <Action.NNW: 27>, <Action.NNE: 25>, <Action.ESE: -15>, <Action.ENE: 11>, <Action.NNE: 25>, <Action.SSW: -25>, <Action.ENE: 11>, <Action.SSW: -25>, <Action.SSE: -27>, <Action.WNW: 15>, <Action.NNE: 25>, <Action.NNE: 25>, <Action.WSW: -11>, <Action.NNW: 27>, <Action.ESE: -15>, <Action.ESE: -15>, <Action.SSW: -25>, <Action.SSW: -25>, <Action.SSE: -27>, <Action.SSW: -25>, <Action.SSW: -25>, <Action.SSE: -27>, <Action.NNW: 27>, <Action.ESE: -15>]
Winner: Agent(agent_class=<class 'my_custom_player.CustomPlayer'>, name='Custom Agent')
Loser: Agent(agent_class=<class 'sample_players.MinimaxPlayer'>, name='Minimax Agent')

INFO:sample_players:[Errno 2] No such file or directory: 'data.pickle'
INFO:isolation:Initial game state: Isolation(board=41523161203939122082683631149508607, ply_count=2, locs=(20, 30))
First agent: Agent(agent_class=<class 'my_custom_player.CustomPlayer'>, name='Custom Agent')
Second agent: Agent(agent_class=<class 'sample_players.MinimaxPlayer'>, name='Minimax Agent')

INFO:isolation:Status: Status.GAME_OVER
Final State: Isolation(board=17729406177675409859991528479950647, ply_count=65, locs=(18, 7))
History: [<Action.NNE: 25>, <Action.NNE: 25>, <Action.NNW: 27>, <Action.NNE: 25>, <Action.ENE: 11>, <Action.ESE: -15>, <Action.ENE: 11>, <Action.SSW: -25>, <Action.SSE: -27>, <Action.SSE: -27>, <Action.SSW: -25>, <Action.WNW: 15>, <Action.WSW: -11>, <Action.WSW: -11>, <Action.ESE: -15>, <Action.WSW: -11>, <Action.NNE: 25>, <Action.WNW: 15>, <Action.NNW: 27>, <Action.NNE: 25>, <Action.SSW: -25>, <Action.NNE: 25>, <Action.WSW: -11>, <Action.NNE: 25>, <Action.NNE: 25>, <Action.WNW: 15>, <Action.NNW: 27>, <Action.WSW: -11>, <Action.ESE: -15>, <Action.ESE: -15>, <Action.ESE: -15>, <Action.SSE: -27>, <Action.SSW: -25>, <Action.SSW: -25>, <Action.WNW: 15>, <Action.WNW: 15>, <Action.WNW: 15>, <Action.NNW: 27>, <Action.NNW: 27>, <Action.ESE: -15>, <Action.ENE: 11>, <Action.WSW: -11>, <Action.ENE: 11>, <Action.NNE: 25>, <Action.ESE: -15>, <Action.NNE: 25>, <Action.ENE: 11>, <Action.WNW: 15>, <Action.SSW: -25>, <Action.SSE: -27>, <Action.NNW: 27>, <Action.ENE: 11>, <Action.ESE: -15>, <Action.SSW: -25>, <Action.SSW: -25>, <Action.WSW: -11>, <Action.SSE: -27>, <Action.ESE: -15>, <Action.SSW: -25>, <Action.SSW: -25>, <Action.WSW: -11>, <Action.ESE: -15>, <Action.WNW: 15>]
Winner: Agent(agent_class=<class 'sample_players.MinimaxPlayer'>, name='Minimax Agent')
Loser: Agent(agent_class=<class 'my_custom_player.CustomPlayer'>, name='Custom Agent')

INFO:sample_players:[Errno 2] No such file or directory: 'data.pickle'
INFO:isolation:Initial game state: Isolation(board=41523161203334659028761129561090047, ply_count=2, locs=(57, 79))
First agent: Agent(agent_class=<class 'sample_players.MinimaxPlayer'>, name='Minimax Agent')
Second agent: Agent(agent_class=<class 'my_custom_player.CustomPlayer'>, name='Custom Agent')

INFO:isolation:Status: Status.GAME_OVER
Final State: Isolation(board=34218339399818258320378947511068646, ply_count=56, locs=(72, 0))
History: [<Action.NNE: 25>, <Action.SSW: -25>, <Action.NNE: 25>, <Action.SSW: -25>, <Action.WSW: -11>, <Action.WSW: -11>, <Action.ESE: -15>, <Action.WNW: 15>, <Action.ESE: -15>, <Action.NNW: 27>, <Action.SSE: -27>, <Action.NNE: 25>, <Action.SSW: -25>, <Action.NNE: 25>, <Action.WSW: -11>, <Action.ESE: -15>, <Action.NNE: 25>, <Action.SSE: -27>, <Action.NNE: 25>, <Action.SSW: -25>, <Action.WSW: -11>, <Action.WSW: -11>, <Action.WSW: -11>, <Action.ESE: -15>, <Action.WNW: 15>, <Action.NNW: 27>, <Action.NNE: 25>, <Action.ENE: 11>, <Action.NNW: 27>, <Action.WNW: 15>, <Action.ESE: -15>, <Action.SSW: -25>, <Action.SSW: -25>, <Action.WSW: -11>, <Action.ENE: 11>, <Action.ESE: -15>, <Action.NNE: 25>, <Action.ESE: -15>, <Action.WNW: 15>, <Action.ENE: 11>, <Action.SSW: -25>, <Action.NNE: 25>, <Action.SSW: -25>, <Action.NNE: 25>, <Action.WNW: 15>, <Action.NNW: 27>, <Action.NNW: 27>, <Action.SSW: -25>, <Action.ENE: 11>, <Action.ESE: -15>, <Action.ESE: -15>, <Action.SSW: -25>, <Action.SSW: -25>, <Action.SSE: -27>]
Winner: Agent(agent_class=<class 'sample_players.MinimaxPlayer'>, name='Minimax Agent')
Loser: Agent(agent_class=<class 'my_custom_player.CustomPlayer'>, name='Custom Agent')

INFO:sample_players:[Errno 2] No such file or directory: 'data.pickle'
INFO:isolation:Initial game state: Isolation(board=41523161203938974436673448509958143, ply_count=2, locs=(67, 56))
First agent: Agent(agent_class=<class 'my_custom_player.CustomPlayer'>, name='Custom Agent')
Second agent: Agent(agent_class=<class 'sample_players.MinimaxPlayer'>, name='Minimax Agent')

INFO:isolation:Status: Status.GAME_OVER
Final State: Isolation(board=30650543670308447001360855927431839, ply_count=68, locs=(14, 65))
History: [<Action.SSE: -27>, <Action.NNE: 25>, <Action.SSW: -25>, <Action.SSE: -27>, <Action.WNW: 15>, <Action.NNE: 25>, <Action.NNW: 27>, <Action.WSW: -11>, <Action.ESE: -15>, <Action.ESE: -15>, <Action.NNW: 27>, <Action.SSW: -25>, <Action.NNW: 27>, <Action.WSW: -11>, <Action.WSW: -11>, <Action.WSW: -11>, <Action.WSW: -11>, <Action.NNE: 25>, <Action.NNE: 25>, <Action.WNW: 15>, <Action.ESE: -15>, <Action.NNE: 25>, <Action.ENE: 11>, <Action.SSE: -27>, <Action.SSW: -25>, <Action.SSW: -25>, <Action.SSE: -27>, <Action.WSW: -11>, <Action.WSW: -11>, <Action.WNW: 15>, <Action.SSE: -27>, <Action.NNE: 25>, <Action.WNW: 15>, <Action.ENE: 11>, <Action.NNE: 25>, <Action.SSW: -25>, <Action.NNW: 27>, <Action.NNW: 27>, <Action.ENE: 11>, <Action.NNW: 27>, <Action.WNW: 15>, <Action.NNE: 25>, <Action.WSW: -11>, <Action.SSE: -27>, <Action.SSE: -27>, <Action.ENE: 11>, <Action.SSW: -25>, <Action.ENE: 11>, <Action.SSW: -25>, <Action.ESE: -15>, <Action.ENE: 11>, <Action.SSE: -27>, <Action.WNW: 15>, <Action.NNE: 25>, <Action.ENE: 11>, <Action.WSW: -11>, <Action.ENE: 11>, <Action.SSW: -25>, <Action.SSW: -25>, <Action.NNW: 27>, <Action.ESE: -15>, <Action.NNE: 25>, <Action.ENE: 11>, <Action.ESE: -15>, <Action.ESE: -15>, <Action.SSE: -27>]
Winner: Agent(agent_class=<class 'my_custom_player.CustomPlayer'>, name='Custom Agent')
Loser: Agent(agent_class=<class 'sample_players.MinimaxPlayer'>, name='Minimax Agent')

INFO:sample_players:[Errno 2] No such file or directory: 'data.pickle'
INFO:isolation:Initial game state: Isolation(board=41523161203939121938533259776354303, ply_count=2, locs=(57, 45))
First agent: Agent(agent_class=<class 'sample_players.MinimaxPlayer'>, name='Minimax Agent')
Second agent: Agent(agent_class=<class 'my_custom_player.CustomPlayer'>, name='Custom Agent')

INFO:isolation:Status: Status.GAME_OVER
Final State: Isolation(board=12476244752254354363429510021694105, ply_count=67, locs=(10, 49))
History: [<Action.NNE: 25>, <Action.NNE: 25>, <Action.NNE: 25>, <Action.NNE: 25>, <Action.SSE: -27>, <Action.SSE: -27>, <Action.ESE: -15>, <Action.SSE: -27>, <Action.SSW: -25>, <Action.SSW: -25>, <Action.SSE: -27>, <Action.WNW: 15>, <Action.WSW: -11>, <Action.NNE: 25>, <Action.WNW: 15>, <Action.NNE: 25>, <Action.WSW: -11>, <Action.SSE: -27>, <Action.NNW: 27>, <Action.WSW: -11>, <Action.NNE: 25>, <Action.WSW: -11>, <Action.NNE: 25>, <Action.NNW: 27>, <Action.WNW: 15>, <Action.NNE: 25>, <Action.SSE: -27>, <Action.ESE: -15>, <Action.NNE: 25>, <Action.SSE: -27>, <Action.WNW: 15>, <Action.NNE: 25>, <Action.SSW: -25>, <Action.ENE: 11>, <Action.SSW: -25>, <Action.SSW: -25>, <Action.ENE: 11>, <Action.SSE: -27>, <Action.SSW: -25>, <Action.SSW: -25>, <Action.SSE: -27>, <Action.NNW: 27>, <Action.ESE: -15>, <Action.ENE: 11>, <Action.NNE: 25>, <Action.NNW: 27>, <Action.WSW: -11>, <Action.NNW: 27>, <Action.WSW: -11>, <Action.WNW: 15>, <Action.NNW: 27>, <Action.WSW: -11>, <Action.NNE: 25>, <Action.WNW: 15>, <Action.NNE: 25>, <Action.SSW: -25>, <Action.WNW: 15>, <Action.NNW: 27>, <Action.SSE: -27>, <Action.ESE: -15>, <Action.SSE: -27>, <Action.SSW: -25>, <Action.SSW: -25>, <Action.SSW: -25>, <Action.WSW: -11>]
Winner: Agent(agent_class=<class 'my_custom_player.CustomPlayer'>, name='Custom Agent')
Loser: Agent(agent_class=<class 'sample_players.MinimaxPlayer'>, name='Minimax Agent')

INFO:sample_players:[Errno 2] No such file or directory: 'data.pickle'
INFO:isolation:Initial game state: Isolation(board=41360901922274205440833537515186175, ply_count=2, locs=(107, 82))
First agent: Agent(agent_class=<class 'my_custom_player.CustomPlayer'>, name='Custom Agent')
Second agent: Agent(agent_class=<class 'sample_players.MinimaxPlayer'>, name='Minimax Agent')

INFO:isolation:Status: Status.GAME_OVER
Final State: Isolation(board=17544604006382803079275343975653687, ply_count=74, locs=(27, 36))
History: [<Action.ESE: -15>, <Action.ENE: 11>, <Action.SSW: -25>, <Action.SSE: -27>, <Action.SSW: -25>, <Action.SSE: -27>, <Action.NNW: 27>, <Action.SSW: -25>, <Action.ESE: -15>, <Action.WSW: -11>, <Action.WSW: -11>, <Action.WNW: 15>, <Action.NNE: 25>, <Action.WSW: -11>, <Action.NNW: 27>, <Action.NNE: 25>, <Action.ENE: 11>, <Action.NNE: 25>, <Action.SSW: -25>, <Action.WSW: -11>, <Action.NNW: 27>, <Action.NNE: 25>, <Action.WSW: -11>, <Action.NNE: 25>, <Action.SSE: -27>, <Action.WSW: -11>, <Action.ESE: -15>, <Action.SSE: -27>, <Action.ESE: -15>, <Action.NNE: 25>, <Action.WSW: -11>, <Action.SSE: -27>, <Action.WNW: 15>, <Action.WSW: -11>, <Action.WSW: -11>, <Action.SSW: -25>, <Action.WNW: 15>, <Action.WSW: -11>, <Action.ENE: 11>, <Action.NNE: 25>, <Action.NNE: 25>, <Action.NNW: 27>, <Action.WSW: -11>, <Action.ENE: 11>, <Action.WSW: -11>, <Action.WNW: 15>, <Action.SSE: -27>, <Action.NNW: 27>, <Action.SSW: -25>, <Action.ESE: -15>, <Action.ENE: 11>, <Action.SSW: -25>, <Action.ESE: -15>, <Action.NNW: 27>, <Action.ENE: 11>, <Action.ESE: -15>, <Action.ENE: 11>, <Action.NNE: 25>, <Action.NNE: 25>, <Action.WSW: -11>, <Action.NNE: 25>, <Action.SSW: -25>, <Action.NNW: 27>, <Action.ESE: -15>, <Action.WSW: -11>, <Action.WSW: -11>, <Action.ESE: -15>, <Action.SSE: -27>, <Action.SSE: -27>, <Action.NNE: 25>, <Action.SSW: -25>, <Action.WSW: -11>]
Winner: Agent(agent_class=<class 'my_custom_player.CustomPlayer'>, name='Custom Agent')
Loser: Agent(agent_class=<class 'sample_players.MinimaxPlayer'>, name='Minimax Agent')

INFO:sample_players:[Errno 2] No such file or directory: 'data.pickle'
INFO:isolation:Initial game state: Isolation(board=41523161203939121938568444148443119, ply_count=2, locs=(57, 4))
First agent: Agent(agent_class=<class 'sample_players.MinimaxPlayer'>, name='Minimax Agent')
Second agent: Agent(agent_class=<class 'my_custom_player.CustomPlayer'>, name='Custom Agent')

INFO:isolation:Status: Status.GAME_OVER
Final State: Isolation(board=21458947817328511133609741458621824, ply_count=79, locs=(2, 74))
History: [<Action.NNE: 25>, <Action.NNE: 25>, <Action.NNE: 25>, <Action.WNW: 15>, <Action.ESE: -15>, <Action.ENE: 11>, <Action.SSE: -27>, <Action.NNE: 25>, <Action.WSW: -11>, <Action.WSW: -11>, <Action.WSW: -11>, <Action.NNE: 25>, <Action.NNE: 25>, <Action.SSE: -27>, <Action.WNW: 15>, <Action.WSW: -11>, <Action.WSW: -11>, <Action.WNW: 15>, <Action.SSE: -27>, <Action.NNE: 25>, <Action.NNE: 25>, <Action.WSW: -11>, <Action.WSW: -11>, <Action.WNW: 15>, <Action.WSW: -11>, <Action.SSE: -27>, <Action.SSE: -27>, <Action.SSE: -27>, <Action.ENE: 11>, <Action.WSW: -11>, <Action.ESE: -15>, <Action.NNE: 25>, <Action.WSW: -11>, <Action.SSE: -27>, <Action.NNE: 25>, <Action.ESE: -15>, <Action.ESE: -15>, <Action.ESE: -15>, <Action.NNE: 25>, <Action.NNW: 27>, <Action.ESE: -15>, <Action.SSW: -25>, <Action.SSW: -25>, <Action.WNW: 15>, <Action.NNW: 27>, <Action.WSW: -11>, <Action.ENE: 11>, <Action.NNE: 25>, <Action.NNW: 27>, <Action.NNW: 27>, <Action.NNE: 25>, <Action.NNE: 25>, <Action.WNW: 15>, <Action.NNE: 25>, <Action.SSW: -25>, <Action.SSE: -27>, <Action.NNW: 27>, <Action.ENE: 11>, <Action.ESE: -15>, <Action.WNW: 15>, <Action.ENE: 11>, <Action.WSW: -11>, <Action.SSW: -25>, <Action.WSW: -11>, <Action.SSE: -27>, <Action.NNE: 25>, <Action.SSW: -25>, <Action.ESE: -15>, <Action.SSE: -27>, <Action.WSW: -11>, <Action.WNW: 15>, <Action.NNE: 25>, <Action.NNE: 25>, <Action.WSW: -11>, <Action.SSE: -27>, <Action.SSE: -27>, <Action.WSW: -11>]
Winner: Agent(agent_class=<class 'my_custom_player.CustomPlayer'>, name='Custom Agent')
Loser: Agent(agent_class=<class 'sample_players.MinimaxPlayer'>, name='Minimax Agent')

INFO:sample_players:[Errno 2] No such file or directory: 'data.pickle'
INFO:isolation:Initial game state: Isolation(board=41523161203939122082648446778468351, ply_count=2, locs=(45, 30))
First agent: Agent(agent_class=<class 'my_custom_player.CustomPlayer'>, name='Custom Agent')
Second agent: Agent(agent_class=<class 'sample_players.MinimaxPlayer'>, name='Minimax Agent')

INFO:isolation:Status: Status.GAME_OVER
Final State: Isolation(board=32922166583099731299069335326361017, ply_count=66, locs=(15, 92))
History: [<Action.NNE: 25>, <Action.NNE: 25>, <Action.NNE: 25>, <Action.NNE: 25>, <Action.SSE: -27>, <Action.ESE: -15>, <Action.ESE: -15>, <Action.SSW: -25>, <Action.WSW: -11>, <Action.WSW: -11>, <Action.NNE: 25>, <Action.WSW: -11>, <Action.NNW: 27>, <Action.NNE: 25>, <Action.SSW: -25>, <Action.WSW: -11>, <Action.WSW: -11>, <Action.NNE: 25>, <Action.SSW: -25>, <Action.NNE: 25>, <Action.SSE: -27>, <Action.WSW: -11>, <Action.WNW: 15>, <Action.SSW: -25>, <Action.NNW: 27>, <Action.SSE: -27>, <Action.NNE: 25>, <Action.NNE: 25>, <Action.ENE: 11>, <Action.WNW: 15>, <Action.NNE: 25>, <Action.WNW: 15>, <Action.WSW: -11>, <Action.NNE: 25>, <Action.ESE: -15>, <Action.SSE: -27>, <Action.SSE: -27>, <Action.NNE: 25>, <Action.NNE: 25>, <Action.WNW: 15>, <Action.ESE: -15>, <Action.SSE: -27>, <Action.SSE: -27>, <Action.SSW: -25>, <Action.SSW: -25>, <Action.SSW: -25>, <Action.NNW: 27>, <Action.ESE: -15>, <Action.ENE: 11>, <Action.WSW: -11>, <Action.SSW: -25>, <Action.NNE: 25>, <Action.SSW: -25>, <Action.NNW: 27>, <Action.ENE: 11>, <Action.NNE: 25>, <Action.WNW: 15>, <Action.NNE: 25>, <Action.SSE: -27>, <Action.ESE: -15>, <Action.NNE: 25>, <Action.ENE: 11>, <Action.WSW: -11>, <Action.ESE: -15>]
Winner: Agent(agent_class=<class 'my_custom_player.CustomPlayer'>, name='Custom Agent')
Loser: Agent(agent_class=<class 'sample_players.MinimaxPlayer'>, name='Minimax Agent')

INFO:sample_players:[Errno 2] No such file or directory: 'data.pickle'
INFO:isolation:Initial game state: Isolation(board=41523161203939121938286969171732479, ply_count=2, locs=(57, 48))
First agent: Agent(agent_class=<class 'sample_players.MinimaxPlayer'>, name='Minimax Agent')
Second agent: Agent(agent_class=<class 'my_custom_player.CustomPlayer'>, name='Custom Agent')

INFO:isolation:Status: Status.GAME_OVER
Final State: Isolation(board=36409465801038187658010539038361064, ply_count=75, locs=(0, 86))
History: [<Action.NNE: 25>, <Action.NNE: 25>, <Action.NNE: 25>, <Action.ENE: 11>, <Action.WSW: -11>, <Action.NNE: 25>, <Action.SSE: -27>, <Action.ESE: -15>, <Action.WSW: -11>, <Action.SSE: -27>, <Action.NNE: 25>, <Action.WSW: -11>, <Action.ESE: -15>, <Action.NNE: 25>, <Action.SSW: -25>, <Action.WSW: -11>, <Action.ENE: 11>, <Action.ESE: -15>, <Action.SSW: -25>, <Action.WSW: -11>, <Action.ENE: 11>, <Action.SSW: -25>, <Action.SSE: -27>, <Action.ESE: -15>, <Action.WSW: -11>, <Action.ENE: 11>, <Action.WNW: 15>, <Action.WNW: 15>, <Action.WNW: 15>, <Action.WNW: 15>, <Action.NNW: 27>, <Action.WNW: 15>, <Action.SSW: -25>, <Action.SSW: -25>, <Action.NNW: 27>, <Action.NNW: 27>, <Action.ENE: 11>, <Action.NNE: 25>, <Action.NNE: 25>, <Action.ENE: 11>, <Action.ENE: 11>, <Action.SSE: -27>, <Action.ESE: -15>, <Action.SSW: -25>, <Action.ESE: -15>, <Action.ESE: -15>, <Action.SSW: -25>, <Action.WSW: -11>, <Action.SSE: -27>, <Action.WSW: -11>, <Action.SSW: -25>, <Action.NNW: 27>, <Action.WNW: 15>, <Action.ENE: 11>, <Action.NNE: 25>, <Action.SSW: -25>, <Action.NNE: 25>, <Action.NNW: 27>, <Action.NNE: 25>, <Action.NNE: 25>, <Action.WSW: -11>, <Action.NNE: 25>, <Action.WNW: 15>, <Action.ENE: 11>, <Action.ENE: 11>, <Action.SSW: -25>, <Action.SSE: -27>, <Action.WNW: 15>, <Action.SSE: -27>, <Action.ENE: 11>, <Action.SSW: -25>, <Action.SSW: -25>, <Action.SSE: -27>]
Winner: Agent(agent_class=<class 'my_custom_player.CustomPlayer'>, name='Custom Agent')
Loser: Agent(agent_class=<class 'sample_players.MinimaxPlayer'>, name='Minimax Agent')

INFO:__main__:Your agent won 75.0% of matches against Minimax Agent
